#
# There is insufficient memory for the Java Runtime Environment to continue.
# Native memory allocation (malloc) failed to allocate 1808496 bytes for Chunk::new
# Possible reasons:
#   The system is out of physical RAM or swap space
#   The process is running with CompressedOops enabled, and the Java Heap may be blocking the growth of the native heap
# Possible solutions:
#   Reduce memory load on the system
#   Increase physical memory or swap space
#   Check if swap backing store is full
#   Decrease Java heap size (-Xmx/-Xms)
#   Decrease number of Java threads
#   Decrease Java thread stack sizes (-Xss)
#   Set larger code cache with -XX:ReservedCodeCacheSize=
#   JVM is running with Unscaled Compressed Oops mode in which the Java heap is
#     placed in the first 4GB address space. The Java Heap base address is the
#     maximum limit for the native heap growth. Please use -XX:HeapBaseMinAddress
#     to set the Java Heap base and to place the Java Heap above 4GB virtual address.
# This output file may be truncated or incomplete.
#
#  Out of Memory Error (src/hotspot/share/memory/arena.cpp:197), pid=10404, tid=6248
#
# JRE version: OpenJDK Runtime Environment (11.0.15) (build 11.0.15+0-b2043.56-8887301)
# Java VM: OpenJDK 64-Bit Server VM (11.0.15+0-b2043.56-8887301, mixed mode, tiered, compressed oops, g1 gc, windows-amd64)
# No core dump will be written. Minidumps are not enabled by default on client versions of Windows
#

---------------  S U M M A R Y ------------

Command Line: --add-opens=java.base/java.util=ALL-UNNAMED --add-opens=java.base/java.lang=ALL-UNNAMED --add-opens=java.base/java.lang.invoke=ALL-UNNAMED --add-opens=java.base/java.util=ALL-UNNAMED --add-opens=java.prefs/java.util.prefs=ALL-UNNAMED --add-opens=java.prefs/java.util.prefs=ALL-UNNAMED --add-opens=java.base/java.nio.charset=ALL-UNNAMED --add-opens=java.base/java.net=ALL-UNNAMED --add-opens=java.base/java.util.concurrent.atomic=ALL-UNNAMED -Xmx2048m -Dfile.encoding=UTF-8 -Duser.country=RU -Duser.language=ru -Duser.variant org.gradle.launcher.daemon.bootstrap.GradleDaemon 7.5

Host: Intel(R) Core(TM) i3-10110U CPU @ 2.10GHz, 4 cores, 7G,  Windows 10 , 64 bit Build 19041 (10.0.19041.1741)
Time: Tue Feb 21 21:37:56 2023  Windows 10 , 64 bit Build 19041 (10.0.19041.1741) elapsed time: 10972.091735 seconds (0d 3h 2m 52s)

---------------  T H R E A D  ---------------

Current thread (0x000001fc25c8c800):  JavaThread "C2 CompilerThread0" daemon [_thread_in_native, id=6248, stack(0x000000eee0900000,0x000000eee0a00000)]


Current CompileTask:
C2:10972092 28520       4       org.gradle.internal.isolated.IsolationScheme::parameterTypeFor (115 bytes)

Stack: [0x000000eee0900000,0x000000eee0a00000]
Native frames: (J=compiled Java code, j=interpreted, Vv=VM code, C=native code)
V  [jvm.dll+0x64135a]
V  [jvm.dll+0x7d39f9]
V  [jvm.dll+0x7d51b9]
V  [jvm.dll+0x7d58a3]
V  [jvm.dll+0x2691c5]
V  [jvm.dll+0xc1a5c]
V  [jvm.dll+0xc200c]
V  [jvm.dll+0x3774a7]
V  [jvm.dll+0x342495]
V  [jvm.dll+0x34186a]
V  [jvm.dll+0x2214bd]
V  [jvm.dll+0x220498]
V  [jvm.dll+0x19e851]
V  [jvm.dll+0x230479]
V  [jvm.dll+0x22e5ef]
V  [jvm.dll+0x794de1]
V  [jvm.dll+0x78dc24]
V  [jvm.dll+0x6400f6]
C  [ucrtbase.dll+0x21bb2]
C  [KERNEL32.DLL+0x17034]
C  [ntdll.dll+0x52651]


---------------  P R O C E S S  ---------------

Threads class SMR info:
_java_thread_list=0x000001fc32b89b90, length=102, elements={
0x000001fc0a0c0000, 0x000001fc25c63000, 0x000001fc25c64000, 0x000001fc25c85000,
0x000001fc25c86000, 0x000001fc25c87800, 0x000001fc25c8c800, 0x000001fc25c8d800,
0x000001fc26654000, 0x000001fc26756000, 0x000001fc28916000, 0x000001fc28e43800,
0x000001fc2929c800, 0x000001fc278b2000, 0x000001fc278b7000, 0x000001fc278b8800,
0x000001fc278b4000, 0x000001fc278b3000, 0x000001fc28acf800, 0x000001fc28ad2000,
0x000001fc28ad2800, 0x000001fc28ad0000, 0x000001fc28adb800, 0x000001fc28adb000,
0x000001fc2a4fc000, 0x000001fc2a4fd000, 0x000001fc293d1800, 0x000001fc28add000,
0x000001fc293d2000, 0x000001fc2a4f0800, 0x000001fc28ad8800, 0x000001fc293cd000,
0x000001fc278b4800, 0x000001fc278b5800, 0x000001fc293cf800, 0x000001fc293d0800,
0x000001fc2a4f7800, 0x000001fc293d8000, 0x000001fc2a4f8000, 0x000001fc32a41800,
0x000001fc293d7000, 0x000001fc293cc800, 0x000001fc2ff65000, 0x000001fc2a4f1800,
0x000001fc295ec800, 0x000001fc295e6800, 0x000001fc295eb000, 0x000001fc295e2000,
0x000001fc295e2800, 0x000001fc295e3800, 0x000001fc295e1000, 0x000001fc295e4800,
0x000001fc295e5000, 0x000001fc295e6000, 0x000001fc295e0000, 0x000001fc295ed800,
0x000001fc295eb800, 0x000001fc295ee000, 0x000001fc295e8800, 0x000001fc295ef000,
0x000001fc295e9000, 0x000001fc295ea000, 0x000001fc32a3f800, 0x000001fc32a42800,
0x000001fc32a3d800, 0x000001fc32a41000, 0x000001fc32a40000, 0x000001fc32a3d000,
0x000001fc32a43800, 0x000001fc32a44000, 0x000001fc32a3e800, 0x000001fc32a46000,
0x000001fc32a46800, 0x000001fc32a47800, 0x000001fc32a48000, 0x000001fc32a49000,
0x000001fc32a4a000, 0x000001fc32a4a800, 0x000001fc32a45000, 0x000001fc32a4b800,
0x000001fc2ff63000, 0x000001fc2ff65800, 0x000001fc2ff64000, 0x000001fc2ff62800,
0x000001fc2ff66800, 0x000001fc2ff61000, 0x000001fc2ff67800, 0x000001fc2ff61800,
0x000001fc2ff69000, 0x000001fc2ff6a800, 0x000001fc2ff6b800, 0x000001fc2ff6a000,
0x000001fc2ff68000, 0x000001fc2ff6c000, 0x000001fc2ff6d000, 0x000001fc2ff6e000,
0x000001fc2ff6e800, 0x000001fc2ff6f800, 0x000001fc2a4ee800, 0x000001fc2a4f5000,
0x000001fc2a4f2800, 0x000001fc2a4ef000
}

Java Threads: ( => current thread )
  0x000001fc0a0c0000 JavaThread "main" [_thread_blocked, id=17300, stack(0x000000eedfd00000,0x000000eedfe00000)]
  0x000001fc25c63000 JavaThread "Reference Handler" daemon [_thread_blocked, id=17356, stack(0x000000eee0400000,0x000000eee0500000)]
  0x000001fc25c64000 JavaThread "Finalizer" daemon [_thread_blocked, id=15764, stack(0x000000eee0500000,0x000000eee0600000)]
  0x000001fc25c85000 JavaThread "Signal Dispatcher" daemon [_thread_blocked, id=11096, stack(0x000000eee0600000,0x000000eee0700000)]
  0x000001fc25c86000 JavaThread "Attach Listener" daemon [_thread_blocked, id=14400, stack(0x000000eee0700000,0x000000eee0800000)]
  0x000001fc25c87800 JavaThread "Service Thread" daemon [_thread_blocked, id=9784, stack(0x000000eee0800000,0x000000eee0900000)]
=>0x000001fc25c8c800 JavaThread "C2 CompilerThread0" daemon [_thread_in_native, id=6248, stack(0x000000eee0900000,0x000000eee0a00000)]
  0x000001fc25c8d800 JavaThread "C1 CompilerThread0" daemon [_thread_blocked, id=17320, stack(0x000000eee0a00000,0x000000eee0b00000)]
  0x000001fc26654000 JavaThread "Sweeper thread" daemon [_thread_blocked, id=3100, stack(0x000000eee0b00000,0x000000eee0c00000)]
  0x000001fc26756000 JavaThread "Common-Cleaner" daemon [_thread_blocked, id=9484, stack(0x000000eee0c00000,0x000000eee0d00000)]
  0x000001fc28916000 JavaThread "Daemon health stats" [_thread_blocked, id=2632, stack(0x000000eee1100000,0x000000eee1200000)]
  0x000001fc28e43800 JavaThread "Incoming local TCP Connector on port 62269" [_thread_in_native, id=15492, stack(0x000000eee0e00000,0x000000eee0f00000)]
  0x000001fc2929c800 JavaThread "Daemon periodic checks" [_thread_blocked, id=15104, stack(0x000000eee1200000,0x000000eee1300000)]
  0x000001fc278b2000 JavaThread "Cache worker for journal cache (C:\Users\mikyy\.gradle\caches\journal-1)" [_thread_blocked, id=13940, stack(0x000000eee1b00000,0x000000eee1c00000)]
  0x000001fc278b7000 JavaThread "File lock request listener" [_thread_in_native, id=13828, stack(0x000000eee1c00000,0x000000eee1d00000)]
  0x000001fc278b8800 JavaThread "Cache worker for file hash cache (C:\Users\mikyy\.gradle\caches\7.5\fileHashes)" [_thread_blocked, id=268, stack(0x000000eee1d00000,0x000000eee1e00000)]
  0x000001fc278b4000 JavaThread "File watcher server" daemon [_thread_in_native, id=14172, stack(0x000000eee1e00000,0x000000eee1f00000)]
  0x000001fc278b3000 JavaThread "File watcher consumer" daemon [_thread_blocked, id=12392, stack(0x000000eee1f00000,0x000000eee2000000)]
  0x000001fc28acf800 JavaThread "Cache worker for file content cache (C:\Users\mikyy\.gradle\caches\7.5\fileContent)" [_thread_blocked, id=4688, stack(0x000000eee2200000,0x000000eee2300000)]
  0x000001fc28ad2000 JavaThread "Cache worker for execution history cache (C:\Users\mikyy\.gradle\caches\7.5\executionHistory)" [_thread_blocked, id=3232, stack(0x000000eee2500000,0x000000eee2600000)]
  0x000001fc28ad2800 JavaThread "jar transforms" [_thread_blocked, id=14768, stack(0x000000eee2600000,0x000000eee2700000)]
  0x000001fc28ad0000 JavaThread "jar transforms Thread 2" [_thread_blocked, id=12992, stack(0x000000eee2700000,0x000000eee2800000)]
  0x000001fc28adb800 JavaThread "jar transforms Thread 3" [_thread_blocked, id=14824, stack(0x000000eee2800000,0x000000eee2900000)]
  0x000001fc28adb000 JavaThread "jar transforms Thread 4" [_thread_blocked, id=16240, stack(0x000000eee2900000,0x000000eee2a00000)]
  0x000001fc2a4fc000 JavaThread "Memory manager" [_thread_blocked, id=8048, stack(0x000000eee5600000,0x000000eee5700000)]
  0x000001fc2a4fd000 JavaThread "pool-3-thread-1" [_thread_blocked, id=13268, stack(0x000000eee5700000,0x000000eee5800000)]
  0x000001fc293d1800 JavaThread "Cache worker for Java compile cache (C:\Users\mikyy\.gradle\caches\7.5\javaCompile)" [_thread_blocked, id=7452, stack(0x000000eedfa00000,0x000000eedfb00000)]
  0x000001fc28add000 JavaThread "pool-7-thread-1" [_thread_blocked, id=15340, stack(0x000000eee5300000,0x000000eee5400000)]
  0x000001fc293d2000 JavaThread "pool-11-thread-1" [_thread_blocked, id=9996, stack(0x000000eee5800000,0x000000eee5900000)]
  0x000001fc2a4f0800 JavaThread "pool-15-thread-1" [_thread_blocked, id=4420, stack(0x000000eee5400000,0x000000eee5500000)]
  0x000001fc28ad8800 JavaThread "pool-19-thread-1" [_thread_blocked, id=11480, stack(0x000000eee5900000,0x000000eee5a00000)]
  0x000001fc293cd000 JavaThread "pool-23-thread-1" [_thread_blocked, id=6564, stack(0x000000eee5500000,0x000000eee5600000)]
  0x000001fc278b4800 JavaThread "pool-27-thread-1" [_thread_blocked, id=9412, stack(0x000000eee5a00000,0x000000eee5b00000)]
  0x000001fc278b5800 JavaThread "pool-30-thread-1" [_thread_blocked, id=10040, stack(0x000000eee5b00000,0x000000eee5c00000)]
  0x000001fc293cf800 JavaThread "pool-34-thread-1" [_thread_blocked, id=12756, stack(0x000000eee5d00000,0x000000eee5e00000)]
  0x000001fc293d0800 JavaThread "pool-38-thread-1" [_thread_blocked, id=13700, stack(0x000000eee5c00000,0x000000eee5d00000)]
  0x000001fc2a4f7800 JavaThread "pool-41-thread-1" [_thread_blocked, id=16536, stack(0x000000eee5e00000,0x000000eee5f00000)]
  0x000001fc293d8000 JavaThread "pool-45-thread-1" [_thread_blocked, id=16428, stack(0x000000eee5f00000,0x000000eee6000000)]
  0x000001fc2a4f8000 JavaThread "pool-49-thread-1" [_thread_blocked, id=1256, stack(0x000000eee6000000,0x000000eee6100000)]
  0x000001fc32a41800 JavaThread "pool-53-thread-1" [_thread_blocked, id=12972, stack(0x000000eee6100000,0x000000eee6200000)]
  0x000001fc293d7000 JavaThread "pool-56-thread-1" [_thread_blocked, id=2408, stack(0x000000eee6200000,0x000000eee6300000)]
  0x000001fc293cc800 JavaThread "pool-59-thread-1" [_thread_blocked, id=1496, stack(0x000000eee6500000,0x000000eee6600000)]
  0x000001fc2ff65000 JavaThread "ForkJoinPool.commonPool-worker-5" daemon [_thread_blocked, id=14380, stack(0x000000eee2400000,0x000000eee2500000)]
  0x000001fc2a4f1800 JavaThread "pool-63-thread-1" [_thread_blocked, id=2828, stack(0x000000eee6800000,0x000000eee6900000)]
  0x000001fc295ec800 JavaThread "pool-67-thread-1" [_thread_blocked, id=12708, stack(0x000000eee6600000,0x000000eee6700000)]
  0x000001fc295e6800 JavaThread "pool-70-thread-1" [_thread_blocked, id=6284, stack(0x000000eee6400000,0x000000eee6500000)]
  0x000001fc295eb000 JavaThread "pool-74-thread-1" [_thread_blocked, id=7144, stack(0x000000eee6a00000,0x000000eee6b00000)]
  0x000001fc295e2000 JavaThread "pool-77-thread-1" [_thread_blocked, id=13048, stack(0x000000eee6700000,0x000000eee6800000)]
  0x000001fc295e2800 JavaThread "Daemon Thread 14" [_thread_blocked, id=15624, stack(0x000000eedfb00000,0x000000eedfc00000)]
  0x000001fc295e3800 JavaThread "Handler for socket connection from /127.0.0.1:62269 to /127.0.0.1:55970" [_thread_in_native, id=12632, stack(0x000000eedfc00000,0x000000eedfd00000)]
  0x000001fc295e1000 JavaThread "Cancel handler" [_thread_blocked, id=4860, stack(0x000000eee1300000,0x000000eee1400000)]
  0x000001fc295e4800 JavaThread "Daemon worker Thread 14" [_thread_in_Java, id=1864, stack(0x000000eee1400000,0x000000eee1500000)]
  0x000001fc295e5000 JavaThread "Asynchronous log dispatcher for DefaultDaemonConnection: socket connection from /127.0.0.1:62269 to /127.0.0.1:55970" [_thread_blocked, id=9904, stack(0x000000eee1500000,0x000000eee1600000)]
  0x000001fc295e6000 JavaThread "Stdin handler" [_thread_blocked, id=5300, stack(0x000000eee1600000,0x000000eee1700000)]
  0x000001fc295e0000 JavaThread "Daemon client event forwarder" [_thread_blocked, id=12436, stack(0x000000eee1700000,0x000000eee1800000)]
  0x000001fc295ed800 JavaThread "Cache worker for checksums cache (D:\Notepad_1\.gradle\7.5\checksums)" [_thread_blocked, id=9608, stack(0x000000eee1800000,0x000000eee1900000)]
  0x000001fc295eb800 JavaThread "Cache worker for cache directory md-rule (C:\Users\mikyy\.gradle\caches\7.5\md-rule)" [_thread_blocked, id=12164, stack(0x000000eee1900000,0x000000eee1a00000)]
  0x000001fc295ee000 JavaThread "Cache worker for file hash cache (D:\Notepad_1\.gradle\7.5\fileHashes)" [_thread_blocked, id=16512, stack(0x000000eee2000000,0x000000eee2100000)]
  0x000001fc295e8800 JavaThread "Cache worker for cache directory md-supplier (C:\Users\mikyy\.gradle\caches\7.5\md-supplier)" [_thread_blocked, id=4560, stack(0x000000eee2100000,0x000000eee2200000)]
  0x000001fc295ef000 JavaThread "Cache worker for dependencies-accessors (D:\Notepad_1\.gradle\7.5\dependencies-accessors)" [_thread_blocked, id=13796, stack(0x000000eee2300000,0x000000eee2400000)]
  0x000001fc295e9000 JavaThread "Cache worker for Build Output Cleanup Cache (D:\Notepad_1\.gradle\buildOutputCleanup)" [_thread_blocked, id=376, stack(0x000000eee2a00000,0x000000eee2b00000)]
  0x000001fc295ea000 JavaThread "Unconstrained build operations" [_thread_blocked, id=9148, stack(0x000000eee2b00000,0x000000eee2c00000)]
  0x000001fc32a3f800 JavaThread "Unconstrained build operations Thread 2" [_thread_blocked, id=16104, stack(0x000000eee2c00000,0x000000eee2d00000)]
  0x000001fc32a42800 JavaThread "Unconstrained build operations Thread 3" [_thread_blocked, id=9000, stack(0x000000eee2d00000,0x000000eee2e00000)]
  0x000001fc32a3d800 JavaThread "Unconstrained build operations Thread 4" [_thread_blocked, id=9064, stack(0x000000eee2e00000,0x000000eee2f00000)]
  0x000001fc32a41000 JavaThread "Unconstrained build operations Thread 5" [_thread_blocked, id=3624, stack(0x000000eee2f00000,0x000000eee3000000)]
  0x000001fc32a40000 JavaThread "Unconstrained build operations Thread 6" [_thread_blocked, id=2924, stack(0x000000eee3000000,0x000000eee3100000)]
  0x000001fc32a3d000 JavaThread "Unconstrained build operations Thread 7" [_thread_blocked, id=4060, stack(0x000000eee3100000,0x000000eee3200000)]
  0x000001fc32a43800 JavaThread "Unconstrained build operations Thread 8" [_thread_blocked, id=9396, stack(0x000000eee3200000,0x000000eee3300000)]
  0x000001fc32a44000 JavaThread "Unconstrained build operations Thread 9" [_thread_blocked, id=15976, stack(0x000000eee3300000,0x000000eee3400000)]
  0x000001fc32a3e800 JavaThread "Unconstrained build operations Thread 10" [_thread_blocked, id=13704, stack(0x000000eee3400000,0x000000eee3500000)]
  0x000001fc32a46000 JavaThread "Unconstrained build operations Thread 11" [_thread_blocked, id=16284, stack(0x000000eee3500000,0x000000eee3600000)]
  0x000001fc32a46800 JavaThread "Unconstrained build operations Thread 12" [_thread_blocked, id=5516, stack(0x000000eee3600000,0x000000eee3700000)]
  0x000001fc32a47800 JavaThread "Unconstrained build operations Thread 13" [_thread_blocked, id=13688, stack(0x000000eee3700000,0x000000eee3800000)]
  0x000001fc32a48000 JavaThread "Unconstrained build operations Thread 14" [_thread_blocked, id=14584, stack(0x000000eee3800000,0x000000eee3900000)]
  0x000001fc32a49000 JavaThread "Unconstrained build operations Thread 15" [_thread_blocked, id=8644, stack(0x000000eee3900000,0x000000eee3a00000)]
  0x000001fc32a4a000 JavaThread "Unconstrained build operations Thread 16" [_thread_blocked, id=16208, stack(0x000000eee3a00000,0x000000eee3b00000)]
  0x000001fc32a4a800 JavaThread "Unconstrained build operations Thread 17" [_thread_blocked, id=14524, stack(0x000000eee3b00000,0x000000eee3c00000)]
  0x000001fc32a45000 JavaThread "Unconstrained build operations Thread 18" [_thread_blocked, id=16320, stack(0x000000eee3c00000,0x000000eee3d00000)]
  0x000001fc32a4b800 JavaThread "Unconstrained build operations Thread 19" [_thread_blocked, id=17332, stack(0x000000eee3d00000,0x000000eee3e00000)]
  0x000001fc2ff63000 JavaThread "Unconstrained build operations Thread 20" [_thread_blocked, id=13816, stack(0x000000eee3e00000,0x000000eee3f00000)]
  0x000001fc2ff65800 JavaThread "Unconstrained build operations Thread 21" [_thread_blocked, id=9252, stack(0x000000eee3f00000,0x000000eee4000000)]
  0x000001fc2ff64000 JavaThread "Unconstrained build operations Thread 22" [_thread_blocked, id=6380, stack(0x000000eee4000000,0x000000eee4100000)]
  0x000001fc2ff62800 JavaThread "Unconstrained build operations Thread 23" [_thread_blocked, id=896, stack(0x000000eee4100000,0x000000eee4200000)]
  0x000001fc2ff66800 JavaThread "Unconstrained build operations Thread 24" [_thread_blocked, id=11532, stack(0x000000eee4200000,0x000000eee4300000)]
  0x000001fc2ff61000 JavaThread "Unconstrained build operations Thread 25" [_thread_blocked, id=14268, stack(0x000000eee4300000,0x000000eee4400000)]
  0x000001fc2ff67800 JavaThread "Unconstrained build operations Thread 26" [_thread_blocked, id=32, stack(0x000000eee4400000,0x000000eee4500000)]
  0x000001fc2ff61800 JavaThread "Unconstrained build operations Thread 27" [_thread_blocked, id=3568, stack(0x000000eee4500000,0x000000eee4600000)]
  0x000001fc2ff69000 JavaThread "Unconstrained build operations Thread 28" [_thread_blocked, id=14192, stack(0x000000eee4600000,0x000000eee4700000)]
  0x000001fc2ff6a800 JavaThread "Unconstrained build operations Thread 29" [_thread_blocked, id=10812, stack(0x000000eee4700000,0x000000eee4800000)]
  0x000001fc2ff6b800 JavaThread "Unconstrained build operations Thread 30" [_thread_blocked, id=9808, stack(0x000000eee4800000,0x000000eee4900000)]
  0x000001fc2ff6a000 JavaThread "Unconstrained build operations Thread 31" [_thread_blocked, id=15096, stack(0x000000eee4900000,0x000000eee4a00000)]
  0x000001fc2ff68000 JavaThread "Unconstrained build operations Thread 32" [_thread_blocked, id=15428, stack(0x000000eee4a00000,0x000000eee4b00000)]
  0x000001fc2ff6c000 JavaThread "Unconstrained build operations Thread 33" [_thread_blocked, id=3788, stack(0x000000eee4b00000,0x000000eee4c00000)]
  0x000001fc2ff6d000 JavaThread "Unconstrained build operations Thread 34" [_thread_blocked, id=11904, stack(0x000000eee4c00000,0x000000eee4d00000)]
  0x000001fc2ff6e000 JavaThread "Unconstrained build operations Thread 35" [_thread_blocked, id=17040, stack(0x000000eee4d00000,0x000000eee4e00000)]
  0x000001fc2ff6e800 JavaThread "Unconstrained build operations Thread 36" [_thread_blocked, id=13724, stack(0x000000eee4e00000,0x000000eee4f00000)]
  0x000001fc2ff6f800 JavaThread "Unconstrained build operations Thread 37" [_thread_blocked, id=8752, stack(0x000000eee4f00000,0x000000eee5000000)]
  0x000001fc2a4ee800 JavaThread "Unconstrained build operations Thread 38" [_thread_blocked, id=10008, stack(0x000000eee5000000,0x000000eee5100000)]
  0x000001fc2a4f5000 JavaThread "Unconstrained build operations Thread 39" [_thread_blocked, id=3236, stack(0x000000eee5100000,0x000000eee5200000)]
  0x000001fc2a4f2800 JavaThread "Unconstrained build operations Thread 40" [_thread_blocked, id=9108, stack(0x000000eee5200000,0x000000eee5300000)]
  0x000001fc2a4ef000 JavaThread "build event listener" [_thread_blocked, id=16192, stack(0x000000eee6300000,0x000000eee6400000)]

Other Threads:
  0x000001fc25c61000 VMThread "VM Thread" [stack: 0x000000eee0300000,0x000000eee0400000] [id=16916]
  0x000001fc26777800 WatcherThread [stack: 0x000000eee0d00000,0x000000eee0e00000] [id=4708]
  0x000001fc0a0d9800 GCTaskThread "GC Thread#0" [stack: 0x000000eedfe00000,0x000000eedff00000] [id=10392]
  0x000001fc27028000 GCTaskThread "GC Thread#1" [stack: 0x000000eee0f00000,0x000000eee1000000] [id=15708]
  0x000001fc26f1c800 GCTaskThread "GC Thread#2" [stack: 0x000000eee1000000,0x000000eee1100000] [id=16508]
  0x000001fc2809c800 GCTaskThread "GC Thread#3" [stack: 0x000000eee1a00000,0x000000eee1b00000] [id=2908]
  0x000001fc0a10c000 ConcurrentGCThread "G1 Main Marker" [stack: 0x000000eedff00000,0x000000eee0000000] [id=17368]
  0x000001fc0a10d800 ConcurrentGCThread "G1 Conc#0" [stack: 0x000000eee0000000,0x000000eee0100000] [id=7880]
  0x000001fc25ac0800 ConcurrentGCThread "G1 Refine#0" [stack: 0x000000eee0100000,0x000000eee0200000] [id=8668]
  0x000001fc25ac1800 ConcurrentGCThread "G1 Young RemSet Sampling" [stack: 0x000000eee0200000,0x000000eee0300000] [id=13280]

Threads with active compile tasks:
C2 CompilerThread0  10972151 28520       4       org.gradle.internal.isolated.IsolationScheme::parameterTypeFor (115 bytes)

VM state:not at safepoint (normal execution)

VM Mutex/Monitor currently owned by a thread: None

Heap address: 0x0000000080000000, size: 2048 MB, Compressed Oops mode: 32-bit
Narrow klass base: 0x0000000000000000, Narrow klass shift: 3
Compressed class space size: 1073741824 Address: 0x0000000100000000

Heap:
 garbage-first heap   total 321536K, used 221578K [0x0000000080000000, 0x0000000100000000)
  region size 1024K, 5 young (5120K), 3 survivors (3072K)
 Metaspace       used 149375K, capacity 155053K, committed 155368K, reserved 1183744K
  class space    used 18491K, capacity 20506K, committed 20608K, reserved 1048576K
Heap Regions: E=young(eden), S=young(survivor), O=old, HS=humongous(starts), HC=humongous(continues), CS=collection set, F=free, A=archive, TAMS=top-at-mark-start (previous, next)
|   0|0x0000000080000000, 0x0000000080100000, 0x0000000080100000|100%|HS|  |TAMS 0x0000000080100000, 0x0000000080000000| Complete 
|   1|0x0000000080100000, 0x0000000080200000, 0x0000000080200000|100%|HC|  |TAMS 0x0000000080200000, 0x0000000080100000| Complete 
|   2|0x0000000080200000, 0x0000000080300000, 0x0000000080300000|100%|HC|  |TAMS 0x0000000080300000, 0x0000000080200000| Complete 
|   3|0x0000000080300000, 0x0000000080400000, 0x0000000080400000|100%| O|  |TAMS 0x0000000080400000, 0x0000000080300000| Untracked 
|   4|0x0000000080400000, 0x0000000080500000, 0x0000000080500000|100%| O|  |TAMS 0x0000000080500000, 0x0000000080400000| Untracked 
|   5|0x0000000080500000, 0x0000000080600000, 0x0000000080600000|100%| O|  |TAMS 0x0000000080600000, 0x0000000080500000| Untracked 
|   6|0x0000000080600000, 0x0000000080700000, 0x0000000080700000|100%| O|  |TAMS 0x0000000080700000, 0x0000000080600000| Complete 
|   7|0x0000000080700000, 0x0000000080800000, 0x0000000080800000|100%| O|  |TAMS 0x0000000080800000, 0x0000000080700000| Untracked 
|   8|0x0000000080800000, 0x0000000080900000, 0x0000000080900000|100%| O|  |TAMS 0x0000000080900000, 0x0000000080800000| Untracked 
|   9|0x0000000080900000, 0x0000000080a00000, 0x0000000080a00000|100%| O|  |TAMS 0x0000000080a00000, 0x0000000080900000| Untracked 
|  10|0x0000000080a00000, 0x0000000080b00000, 0x0000000080b00000|100%| O|  |TAMS 0x0000000080b00000, 0x0000000080a00000| Untracked 
|  11|0x0000000080b00000, 0x0000000080c00000, 0x0000000080c00000|100%| O|  |TAMS 0x0000000080c00000, 0x0000000080b00000| Untracked 
|  12|0x0000000080c00000, 0x0000000080d00000, 0x0000000080d00000|100%| O|  |TAMS 0x0000000080d00000, 0x0000000080c00000| Untracked 
|  13|0x0000000080d00000, 0x0000000080e00000, 0x0000000080e00000|100%| O|  |TAMS 0x0000000080e00000, 0x0000000080d00000| Untracked 
|  14|0x0000000080e00000, 0x0000000080f00000, 0x0000000080f00000|100%| O|  |TAMS 0x0000000080f00000, 0x0000000080e00000| Complete 
|  15|0x0000000080f00000, 0x0000000081000000, 0x0000000081000000|100%| O|  |TAMS 0x0000000081000000, 0x0000000080f00000| Complete 
|  16|0x0000000081000000, 0x0000000081100000, 0x0000000081100000|100%|HS|  |TAMS 0x0000000081100000, 0x0000000081000000| Complete 
|  17|0x0000000081100000, 0x0000000081200000, 0x0000000081200000|100%| O|  |TAMS 0x0000000081200000, 0x0000000081100000| Complete 
|  18|0x0000000081200000, 0x0000000081300000, 0x0000000081300000|100%| O|  |TAMS 0x0000000081300000, 0x0000000081200000| Complete 
|  19|0x0000000081300000, 0x0000000081400000, 0x0000000081400000|100%| O|  |TAMS 0x0000000081400000, 0x0000000081300000| Complete 
|  20|0x0000000081400000, 0x0000000081500000, 0x0000000081500000|100%| O|  |TAMS 0x0000000081500000, 0x0000000081400000| Complete 
|  21|0x0000000081500000, 0x0000000081600000, 0x0000000081600000|100%| O|  |TAMS 0x0000000081600000, 0x0000000081500000| Complete 
|  22|0x0000000081600000, 0x0000000081700000, 0x0000000081700000|100%| O|  |TAMS 0x0000000081700000, 0x0000000081600000| Untracked 
|  23|0x0000000081700000, 0x0000000081800000, 0x0000000081800000|100%| O|  |TAMS 0x0000000081800000, 0x0000000081700000| Complete 
|  24|0x0000000081800000, 0x0000000081900000, 0x0000000081900000|100%| O|  |TAMS 0x0000000081900000, 0x0000000081800000| Untracked 
|  25|0x0000000081900000, 0x0000000081a00000, 0x0000000081a00000|100%| O|  |TAMS 0x0000000081a00000, 0x0000000081900000| Untracked 
|  26|0x0000000081a00000, 0x0000000081b00000, 0x0000000081b00000|100%| O|  |TAMS 0x0000000081b00000, 0x0000000081a00000| Complete 
|  27|0x0000000081b00000, 0x0000000081c00000, 0x0000000081c00000|100%| O|  |TAMS 0x0000000081c00000, 0x0000000081b00000| Complete 
|  28|0x0000000081c00000, 0x0000000081d00000, 0x0000000081d00000|100%|HS|  |TAMS 0x0000000081d00000, 0x0000000081c00000| Complete 
|  29|0x0000000081d00000, 0x0000000081e00000, 0x0000000081e00000|100%| O|  |TAMS 0x0000000081e00000, 0x0000000081d00000| Untracked 
|  30|0x0000000081e00000, 0x0000000081f00000, 0x0000000081f00000|100%| O|  |TAMS 0x0000000081f00000, 0x0000000081e00000| Complete 
|  31|0x0000000081f00000, 0x0000000082000000, 0x0000000082000000|100%| O|  |TAMS 0x0000000082000000, 0x0000000081f00000| Untracked 
|  32|0x0000000082000000, 0x0000000082100000, 0x0000000082100000|100%| O|  |TAMS 0x0000000082000000, 0x0000000082000000| Untracked 
|  33|0x0000000082100000, 0x0000000082200000, 0x0000000082200000|100%| O|  |TAMS 0x0000000082200000, 0x0000000082100000| Complete 
|  34|0x0000000082200000, 0x0000000082300000, 0x0000000082300000|100%| O|  |TAMS 0x0000000082300000, 0x0000000082200000| Untracked 
|  35|0x0000000082300000, 0x0000000082400000, 0x0000000082400000|100%| O|  |TAMS 0x0000000082400000, 0x0000000082300000| Untracked 
|  36|0x0000000082400000, 0x0000000082500000, 0x0000000082500000|100%| O|  |TAMS 0x0000000082500000, 0x0000000082400000| Untracked 
|  37|0x0000000082500000, 0x0000000082600000, 0x0000000082600000|100%| O|  |TAMS 0x0000000082600000, 0x0000000082500000| Untracked 
|  38|0x0000000082600000, 0x0000000082700000, 0x0000000082700000|100%| O|  |TAMS 0x0000000082700000, 0x0000000082600000| Complete 
|  39|0x0000000082700000, 0x00000000827e4a00, 0x0000000082800000| 89%| O|  |TAMS 0x0000000082700000, 0x0000000082700000| Untracked 
|  40|0x0000000082800000, 0x0000000082900000, 0x0000000082900000|100%| O|  |TAMS 0x0000000082900000, 0x0000000082800000| Complete 
|  41|0x0000000082900000, 0x0000000082a00000, 0x0000000082a00000|100%| O|  |TAMS 0x0000000082a00000, 0x0000000082900000| Complete 
|  42|0x0000000082a00000, 0x0000000082b00000, 0x0000000082b00000|100%| O|  |TAMS 0x0000000082b00000, 0x0000000082a00000| Complete 
|  43|0x0000000082b00000, 0x0000000082c00000, 0x0000000082c00000|100%| O|  |TAMS 0x0000000082c00000, 0x0000000082b00000| Complete 
|  44|0x0000000082c00000, 0x0000000082d00000, 0x0000000082d00000|100%| O|  |TAMS 0x0000000082d00000, 0x0000000082c00000| Untracked 
|  45|0x0000000082d00000, 0x0000000082e00000, 0x0000000082e00000|100%| O|  |TAMS 0x0000000082e00000, 0x0000000082d00000| Untracked 
|  46|0x0000000082e00000, 0x0000000082f00000, 0x0000000082f00000|100%| O|  |TAMS 0x0000000082f00000, 0x0000000082e00000| Untracked 
|  47|0x0000000082f00000, 0x0000000083000000, 0x0000000083000000|100%| O|  |TAMS 0x0000000083000000, 0x0000000082f00000| Untracked 
|  48|0x0000000083000000, 0x0000000083100000, 0x0000000083100000|100%| O|  |TAMS 0x0000000083100000, 0x0000000083000000| Complete 
|  49|0x0000000083100000, 0x0000000083100000, 0x0000000083200000|  0%| F|  |TAMS 0x0000000083100000, 0x0000000083100000| Untracked 
|  50|0x0000000083200000, 0x0000000083300000, 0x0000000083300000|100%| O|  |TAMS 0x0000000083300000, 0x0000000083200000| Untracked 
|  51|0x0000000083300000, 0x0000000083400000, 0x0000000083400000|100%| O|  |TAMS 0x0000000083400000, 0x0000000083300000| Complete 
|  52|0x0000000083400000, 0x0000000083500000, 0x0000000083500000|100%| O|  |TAMS 0x0000000083500000, 0x0000000083400000| Untracked 
|  53|0x0000000083500000, 0x0000000083600000, 0x0000000083600000|100%| O|  |TAMS 0x0000000083600000, 0x0000000083500000| Complete 
|  54|0x0000000083600000, 0x0000000083700000, 0x0000000083700000|100%| O|  |TAMS 0x0000000083700000, 0x0000000083600000| Complete 
|  55|0x0000000083700000, 0x0000000083800000, 0x0000000083800000|100%| O|  |TAMS 0x0000000083800000, 0x0000000083700000| Complete 
|  56|0x0000000083800000, 0x0000000083900000, 0x0000000083900000|100%| O|  |TAMS 0x0000000083900000, 0x0000000083800000| Complete 
|  57|0x0000000083900000, 0x0000000083a00000, 0x0000000083a00000|100%| O|  |TAMS 0x0000000083a00000, 0x0000000083900000| Complete 
|  58|0x0000000083a00000, 0x0000000083b00000, 0x0000000083b00000|100%| O|  |TAMS 0x0000000083b00000, 0x0000000083a00000| Untracked 
|  59|0x0000000083b00000, 0x0000000083c00000, 0x0000000083c00000|100%| O|  |TAMS 0x0000000083c00000, 0x0000000083b00000| Complete 
|  60|0x0000000083c00000, 0x0000000083d00000, 0x0000000083d00000|100%| O|  |TAMS 0x0000000083d00000, 0x0000000083c00000| Complete 
|  61|0x0000000083d00000, 0x0000000083e00000, 0x0000000083e00000|100%| O|  |TAMS 0x0000000083e00000, 0x0000000083d00000| Complete 
|  62|0x0000000083e00000, 0x0000000083f00000, 0x0000000083f00000|100%|HS|  |TAMS 0x0000000083f00000, 0x0000000083e00000| Complete 
|  63|0x0000000083f00000, 0x0000000084000000, 0x0000000084000000|100%|HC|  |TAMS 0x0000000084000000, 0x0000000083f00000| Complete 
|  64|0x0000000084000000, 0x0000000084100000, 0x0000000084100000|100%| O|  |TAMS 0x0000000084100000, 0x0000000084000000| Untracked 
|  65|0x0000000084100000, 0x0000000084200000, 0x0000000084200000|100%| O|  |TAMS 0x0000000084200000, 0x0000000084100000| Untracked 
|  66|0x0000000084200000, 0x0000000084300000, 0x0000000084300000|100%| O|  |TAMS 0x0000000084300000, 0x0000000084200000| Untracked 
|  67|0x0000000084300000, 0x0000000084400000, 0x0000000084400000|100%| O|  |TAMS 0x0000000084400000, 0x0000000084300000| Complete 
|  68|0x0000000084400000, 0x0000000084500000, 0x0000000084500000|100%| O|  |TAMS 0x0000000084500000, 0x0000000084400000| Untracked 
|  69|0x0000000084500000, 0x0000000084600000, 0x0000000084600000|100%| O|  |TAMS 0x0000000084600000, 0x0000000084500000| Untracked 
|  70|0x0000000084600000, 0x0000000084700000, 0x0000000084700000|100%| O|  |TAMS 0x0000000084700000, 0x0000000084600000| Untracked 
|  71|0x0000000084700000, 0x0000000084800000, 0x0000000084800000|100%| O|  |TAMS 0x0000000084800000, 0x0000000084700000| Complete 
|  72|0x0000000084800000, 0x0000000084900000, 0x0000000084900000|100%| O|  |TAMS 0x0000000084900000, 0x0000000084800000| Complete 
|  73|0x0000000084900000, 0x0000000084a00000, 0x0000000084a00000|100%| O|  |TAMS 0x0000000084a00000, 0x0000000084900000| Complete 
|  74|0x0000000084a00000, 0x0000000084b00000, 0x0000000084b00000|100%| O|  |TAMS 0x0000000084b00000, 0x0000000084a00000| Complete 
|  75|0x0000000084b00000, 0x0000000084c00000, 0x0000000084c00000|100%| O|  |TAMS 0x0000000084c00000, 0x0000000084b00000| Complete 
|  76|0x0000000084c00000, 0x0000000084d00000, 0x0000000084d00000|100%| O|  |TAMS 0x0000000084d00000, 0x0000000084c00000| Untracked 
|  77|0x0000000084d00000, 0x0000000084e00000, 0x0000000084e00000|100%| O|  |TAMS 0x0000000084e00000, 0x0000000084d00000| Untracked 
|  78|0x0000000084e00000, 0x0000000084f00000, 0x0000000084f00000|100%| O|  |TAMS 0x0000000084f00000, 0x0000000084e00000| Complete 
|  79|0x0000000084f00000, 0x0000000085000000, 0x0000000085000000|100%| O|  |TAMS 0x0000000085000000, 0x0000000084f00000| Untracked 
|  80|0x0000000085000000, 0x0000000085100000, 0x0000000085100000|100%| O|  |TAMS 0x0000000085100000, 0x0000000085000000| Untracked 
|  81|0x0000000085100000, 0x0000000085200000, 0x0000000085200000|100%| O|  |TAMS 0x0000000085200000, 0x0000000085100000| Untracked 
|  82|0x0000000085200000, 0x0000000085300000, 0x0000000085300000|100%| O|  |TAMS 0x0000000085300000, 0x0000000085200000| Untracked 
|  83|0x0000000085300000, 0x0000000085400000, 0x0000000085400000|100%| O|  |TAMS 0x0000000085400000, 0x0000000085300000| Untracked 
|  84|0x0000000085400000, 0x0000000085500000, 0x0000000085500000|100%| O|  |TAMS 0x0000000085500000, 0x0000000085400000| Untracked 
|  85|0x0000000085500000, 0x0000000085600000, 0x0000000085600000|100%| O|  |TAMS 0x0000000085600000, 0x0000000085500000| Untracked 
|  86|0x0000000085600000, 0x0000000085700000, 0x0000000085700000|100%| O|  |TAMS 0x0000000085700000, 0x0000000085600000| Complete 
|  87|0x0000000085700000, 0x0000000085800000, 0x0000000085800000|100%| O|  |TAMS 0x0000000085800000, 0x0000000085700000| Untracked 
|  88|0x0000000085800000, 0x0000000085900000, 0x0000000085900000|100%|HS|  |TAMS 0x0000000085900000, 0x0000000085800000| Complete 
|  89|0x0000000085900000, 0x0000000085a00000, 0x0000000085a00000|100%|HC|  |TAMS 0x0000000085a00000, 0x0000000085900000| Complete 
|  90|0x0000000085a00000, 0x0000000085b00000, 0x0000000085b00000|100%|HC|  |TAMS 0x0000000085b00000, 0x0000000085a00000| Complete 
|  91|0x0000000085b00000, 0x0000000085c00000, 0x0000000085c00000|100%| O|  |TAMS 0x0000000085c00000, 0x0000000085b00000| Complete 
|  92|0x0000000085c00000, 0x0000000085d00000, 0x0000000085d00000|100%| O|  |TAMS 0x0000000085d00000, 0x0000000085c00000| Complete 
|  93|0x0000000085d00000, 0x0000000085e00000, 0x0000000085e00000|100%| O|  |TAMS 0x0000000085e00000, 0x0000000085d00000| Complete 
|  94|0x0000000085e00000, 0x0000000085f00000, 0x0000000085f00000|100%| O|  |TAMS 0x0000000085f00000, 0x0000000085e00000| Complete 
|  95|0x0000000085f00000, 0x0000000086000000, 0x0000000086000000|100%| O|  |TAMS 0x0000000086000000, 0x0000000085f00000| Untracked 
|  96|0x0000000086000000, 0x0000000086100000, 0x0000000086100000|100%| O|  |TAMS 0x0000000086100000, 0x0000000086000000| Complete 
|  97|0x0000000086100000, 0x0000000086200000, 0x0000000086200000|100%| O|  |TAMS 0x0000000086200000, 0x0000000086100000| Untracked 
|  98|0x0000000086200000, 0x0000000086300000, 0x0000000086300000|100%| O|  |TAMS 0x0000000086300000, 0x0000000086200000| Untracked 
|  99|0x0000000086300000, 0x0000000086400000, 0x0000000086400000|100%| O|  |TAMS 0x0000000086400000, 0x0000000086300000| Complete 
| 100|0x0000000086400000, 0x0000000086500000, 0x0000000086500000|100%|HS|  |TAMS 0x0000000086500000, 0x0000000086400000| Complete 
| 101|0x0000000086500000, 0x0000000086600000, 0x0000000086600000|100%|HC|  |TAMS 0x0000000086600000, 0x0000000086500000| Complete 
| 102|0x0000000086600000, 0x0000000086700000, 0x0000000086700000|100%|HC|  |TAMS 0x0000000086700000, 0x0000000086600000| Complete 
| 103|0x0000000086700000, 0x0000000086800000, 0x0000000086800000|100%|HS|  |TAMS 0x0000000086800000, 0x0000000086700000| Complete 
| 104|0x0000000086800000, 0x0000000086900000, 0x0000000086900000|100%|HC|  |TAMS 0x0000000086900000, 0x0000000086800000| Complete 
| 105|0x0000000086900000, 0x0000000086a00000, 0x0000000086a00000|100%|HS|  |TAMS 0x0000000086a00000, 0x0000000086900000| Complete 
| 106|0x0000000086a00000, 0x0000000086b00000, 0x0000000086b00000|100%|HC|  |TAMS 0x0000000086b00000, 0x0000000086a00000| Complete 
| 107|0x0000000086b00000, 0x0000000086c00000, 0x0000000086c00000|100%|HS|  |TAMS 0x0000000086c00000, 0x0000000086b00000| Complete 
| 108|0x0000000086c00000, 0x0000000086d00000, 0x0000000086d00000|100%|HC|  |TAMS 0x0000000086d00000, 0x0000000086c00000| Complete 
| 109|0x0000000086d00000, 0x0000000086d00000, 0x0000000086e00000|  0%| F|  |TAMS 0x0000000086d00000, 0x0000000086d00000| Untracked 
| 110|0x0000000086e00000, 0x0000000086f00000, 0x0000000086f00000|100%|HS|  |TAMS 0x0000000086f00000, 0x0000000086e00000| Complete 
| 111|0x0000000086f00000, 0x0000000087000000, 0x0000000087000000|100%|HC|  |TAMS 0x0000000087000000, 0x0000000086f00000| Complete 
| 112|0x0000000087000000, 0x0000000087100000, 0x0000000087100000|100%|HC|  |TAMS 0x0000000087100000, 0x0000000087000000| Complete 
| 113|0x0000000087100000, 0x0000000087200000, 0x0000000087200000|100%|HC|  |TAMS 0x0000000087200000, 0x0000000087100000| Complete 
| 114|0x0000000087200000, 0x0000000087300000, 0x0000000087300000|100%|HC|  |TAMS 0x0000000087300000, 0x0000000087200000| Complete 
| 115|0x0000000087300000, 0x0000000087400000, 0x0000000087400000|100%|HC|  |TAMS 0x0000000087400000, 0x0000000087300000| Complete 
| 116|0x0000000087400000, 0x0000000087500000, 0x0000000087500000|100%|HC|  |TAMS 0x0000000087500000, 0x0000000087400000| Complete 
| 117|0x0000000087500000, 0x0000000087600000, 0x0000000087600000|100%|HC|  |TAMS 0x0000000087600000, 0x0000000087500000| Complete 
| 118|0x0000000087600000, 0x0000000087700000, 0x0000000087700000|100%|HC|  |TAMS 0x0000000087700000, 0x0000000087600000| Complete 
| 119|0x0000000087700000, 0x0000000087800000, 0x0000000087800000|100%|HC|  |TAMS 0x0000000087800000, 0x0000000087700000| Complete 
| 120|0x0000000087800000, 0x0000000087900000, 0x0000000087900000|100%|HS|  |TAMS 0x0000000087900000, 0x0000000087800000| Complete 
| 121|0x0000000087900000, 0x0000000087a00000, 0x0000000087a00000|100%|HC|  |TAMS 0x0000000087a00000, 0x0000000087900000| Complete 
| 122|0x0000000087a00000, 0x0000000087b00000, 0x0000000087b00000|100%|HC|  |TAMS 0x0000000087b00000, 0x0000000087a00000| Complete 
| 123|0x0000000087b00000, 0x0000000087c00000, 0x0000000087c00000|100%|HC|  |TAMS 0x0000000087c00000, 0x0000000087b00000| Complete 
| 124|0x0000000087c00000, 0x0000000087d00000, 0x0000000087d00000|100%|HC|  |TAMS 0x0000000087d00000, 0x0000000087c00000| Complete 
| 125|0x0000000087d00000, 0x0000000087e00000, 0x0000000087e00000|100%| O|  |TAMS 0x0000000087e00000, 0x0000000087d00000| Untracked 
| 126|0x0000000087e00000, 0x0000000087f00000, 0x0000000087f00000|100%| O|  |TAMS 0x0000000087f00000, 0x0000000087e00000| Complete 
| 127|0x0000000087f00000, 0x0000000088000000, 0x0000000088000000|100%| O|  |TAMS 0x0000000088000000, 0x0000000087f00000| Untracked 
| 128|0x0000000088000000, 0x0000000088100000, 0x0000000088100000|100%|HS|  |TAMS 0x0000000088100000, 0x0000000088000000| Complete 
| 129|0x0000000088100000, 0x0000000088200000, 0x0000000088200000|100%|HC|  |TAMS 0x0000000088200000, 0x0000000088100000| Complete 
| 130|0x0000000088200000, 0x0000000088300000, 0x0000000088300000|100%|HC|  |TAMS 0x0000000088300000, 0x0000000088200000| Complete 
| 131|0x0000000088300000, 0x0000000088400000, 0x0000000088400000|100%|HC|  |TAMS 0x0000000088400000, 0x0000000088300000| Complete 
| 132|0x0000000088400000, 0x0000000088500000, 0x0000000088500000|100%|HC|  |TAMS 0x0000000088500000, 0x0000000088400000| Complete 
| 133|0x0000000088500000, 0x0000000088600000, 0x0000000088600000|100%|HC|  |TAMS 0x0000000088600000, 0x0000000088500000| Complete 
| 134|0x0000000088600000, 0x0000000088700000, 0x0000000088700000|100%|HC|  |TAMS 0x0000000088700000, 0x0000000088600000| Complete 
| 135|0x0000000088700000, 0x0000000088800000, 0x0000000088800000|100%|HC|  |TAMS 0x0000000088800000, 0x0000000088700000| Complete 
| 136|0x0000000088800000, 0x0000000088900000, 0x0000000088900000|100%|HC|  |TAMS 0x0000000088900000, 0x0000000088800000| Complete 
| 137|0x0000000088900000, 0x0000000088a00000, 0x0000000088a00000|100%|HC|  |TAMS 0x0000000088a00000, 0x0000000088900000| Complete 
| 138|0x0000000088a00000, 0x0000000088b00000, 0x0000000088b00000|100%|HS|  |TAMS 0x0000000088b00000, 0x0000000088a00000| Complete 
| 139|0x0000000088b00000, 0x0000000088c00000, 0x0000000088c00000|100%|HC|  |TAMS 0x0000000088c00000, 0x0000000088b00000| Complete 
| 140|0x0000000088c00000, 0x0000000088d00000, 0x0000000088d00000|100%|HC|  |TAMS 0x0000000088d00000, 0x0000000088c00000| Complete 
| 141|0x0000000088d00000, 0x0000000088e00000, 0x0000000088e00000|100%|HS|  |TAMS 0x0000000088e00000, 0x0000000088d00000| Complete 
| 142|0x0000000088e00000, 0x0000000088f00000, 0x0000000088f00000|100%|HC|  |TAMS 0x0000000088f00000, 0x0000000088e00000| Complete 
| 143|0x0000000088f00000, 0x0000000089000000, 0x0000000089000000|100%|HS|  |TAMS 0x0000000089000000, 0x0000000088f00000| Complete 
| 144|0x0000000089000000, 0x0000000089100000, 0x0000000089100000|100%|HC|  |TAMS 0x0000000089100000, 0x0000000089000000| Complete 
| 145|0x0000000089100000, 0x0000000089200000, 0x0000000089200000|100%|HC|  |TAMS 0x0000000089200000, 0x0000000089100000| Complete 
| 146|0x0000000089200000, 0x0000000089300000, 0x0000000089300000|100%| O|  |TAMS 0x0000000089300000, 0x0000000089200000| Complete 
| 147|0x0000000089300000, 0x0000000089400000, 0x0000000089400000|100%|HS|  |TAMS 0x0000000089400000, 0x0000000089300000| Complete 
| 148|0x0000000089400000, 0x0000000089500000, 0x0000000089500000|100%|HC|  |TAMS 0x0000000089500000, 0x0000000089400000| Complete 
| 149|0x0000000089500000, 0x0000000089600000, 0x0000000089600000|100%|HS|  |TAMS 0x0000000089600000, 0x0000000089500000| Complete 
| 150|0x0000000089600000, 0x0000000089700000, 0x0000000089700000|100%|HC|  |TAMS 0x0000000089700000, 0x0000000089600000| Complete 
| 151|0x0000000089700000, 0x0000000089800000, 0x0000000089800000|100%|HC|  |TAMS 0x0000000089800000, 0x0000000089700000| Complete 
| 152|0x0000000089800000, 0x0000000089900000, 0x0000000089900000|100%|HS|  |TAMS 0x0000000089900000, 0x0000000089800000| Complete 
| 153|0x0000000089900000, 0x0000000089a00000, 0x0000000089a00000|100%|HC|  |TAMS 0x0000000089a00000, 0x0000000089900000| Complete 
| 154|0x0000000089a00000, 0x0000000089b00000, 0x0000000089b00000|100%|HC|  |TAMS 0x0000000089b00000, 0x0000000089a00000| Complete 
| 155|0x0000000089b00000, 0x0000000089c00000, 0x0000000089c00000|100%|HS|  |TAMS 0x0000000089c00000, 0x0000000089b00000| Complete 
| 156|0x0000000089c00000, 0x0000000089d00000, 0x0000000089d00000|100%|HC|  |TAMS 0x0000000089d00000, 0x0000000089c00000| Complete 
| 157|0x0000000089d00000, 0x0000000089e00000, 0x0000000089e00000|100%|HS|  |TAMS 0x0000000089e00000, 0x0000000089d00000| Complete 
| 158|0x0000000089e00000, 0x0000000089f00000, 0x0000000089f00000|100%|HC|  |TAMS 0x0000000089f00000, 0x0000000089e00000| Complete 
| 159|0x0000000089f00000, 0x000000008a000000, 0x000000008a000000|100%|HC|  |TAMS 0x000000008a000000, 0x0000000089f00000| Complete 
| 160|0x000000008a000000, 0x000000008a100000, 0x000000008a100000|100%|HC|  |TAMS 0x000000008a100000, 0x000000008a000000| Complete 
| 161|0x000000008a100000, 0x000000008a200000, 0x000000008a200000|100%|HC|  |TAMS 0x000000008a200000, 0x000000008a100000| Complete 
| 162|0x000000008a200000, 0x000000008a300000, 0x000000008a300000|100%|HC|  |TAMS 0x000000008a300000, 0x000000008a200000| Complete 
| 163|0x000000008a300000, 0x000000008a400000, 0x000000008a400000|100%|HC|  |TAMS 0x000000008a400000, 0x000000008a300000| Complete 
| 164|0x000000008a400000, 0x000000008a500000, 0x000000008a500000|100%|HC|  |TAMS 0x000000008a500000, 0x000000008a400000| Complete 
| 165|0x000000008a500000, 0x000000008a600000, 0x000000008a600000|100%|HC|  |TAMS 0x000000008a600000, 0x000000008a500000| Complete 
| 166|0x000000008a600000, 0x000000008a700000, 0x000000008a700000|100%|HC|  |TAMS 0x000000008a700000, 0x000000008a600000| Complete 
| 167|0x000000008a700000, 0x000000008a800000, 0x000000008a800000|100%|HS|  |TAMS 0x000000008a800000, 0x000000008a700000| Complete 
| 168|0x000000008a800000, 0x000000008a900000, 0x000000008a900000|100%|HC|  |TAMS 0x000000008a900000, 0x000000008a800000| Complete 
| 169|0x000000008a900000, 0x000000008aa00000, 0x000000008aa00000|100%|HS|  |TAMS 0x000000008aa00000, 0x000000008a900000| Complete 
| 170|0x000000008aa00000, 0x000000008ab00000, 0x000000008ab00000|100%|HC|  |TAMS 0x000000008ab00000, 0x000000008aa00000| Complete 
| 171|0x000000008ab00000, 0x000000008ac00000, 0x000000008ac00000|100%|HC|  |TAMS 0x000000008ac00000, 0x000000008ab00000| Complete 
| 172|0x000000008ac00000, 0x000000008ad00000, 0x000000008ad00000|100%|HC|  |TAMS 0x000000008ad00000, 0x000000008ac00000| Complete 
| 173|0x000000008ad00000, 0x000000008ae00000, 0x000000008ae00000|100%|HC|  |TAMS 0x000000008ae00000, 0x000000008ad00000| Complete 
| 174|0x000000008ae00000, 0x000000008af00000, 0x000000008af00000|100%| O|  |TAMS 0x000000008af00000, 0x000000008ae00000| Complete 
| 175|0x000000008af00000, 0x000000008b000000, 0x000000008b000000|100%| O|  |TAMS 0x000000008b000000, 0x000000008af00000| Untracked 
| 176|0x000000008b000000, 0x000000008b100000, 0x000000008b100000|100%| O|  |TAMS 0x000000008b100000, 0x000000008b000000| Untracked 
| 177|0x000000008b100000, 0x000000008b200000, 0x000000008b200000|100%| O|  |TAMS 0x000000008b200000, 0x000000008b100000| Untracked 
| 178|0x000000008b200000, 0x000000008b200000, 0x000000008b300000|  0%| F|  |TAMS 0x000000008b200000, 0x000000008b200000| Untracked 
| 179|0x000000008b300000, 0x000000008b400000, 0x000000008b400000|100%| O|  |TAMS 0x000000008b400000, 0x000000008b300000| Complete 
| 180|0x000000008b400000, 0x000000008b400000, 0x000000008b500000|  0%| F|  |TAMS 0x000000008b400000, 0x000000008b400000| Untracked 
| 181|0x000000008b500000, 0x000000008b600000, 0x000000008b600000|100%| O|  |TAMS 0x000000008b600000, 0x000000008b500000| Complete 
| 182|0x000000008b600000, 0x000000008b600000, 0x000000008b700000|  0%| F|  |TAMS 0x000000008b600000, 0x000000008b600000| Untracked 
| 183|0x000000008b700000, 0x000000008b800000, 0x000000008b800000|100%|HS|  |TAMS 0x000000008b800000, 0x000000008b700000| Complete 
| 184|0x000000008b800000, 0x000000008b900000, 0x000000008b900000|100%|HC|  |TAMS 0x000000008b900000, 0x000000008b800000| Complete 
| 185|0x000000008b900000, 0x000000008ba00000, 0x000000008ba00000|100%|HC|  |TAMS 0x000000008ba00000, 0x000000008b900000| Complete 
| 186|0x000000008ba00000, 0x000000008bb00000, 0x000000008bb00000|100%|HC|  |TAMS 0x000000008bb00000, 0x000000008ba00000| Complete 
| 187|0x000000008bb00000, 0x000000008bc00000, 0x000000008bc00000|100%|HC|  |TAMS 0x000000008bc00000, 0x000000008bb00000| Complete 
| 188|0x000000008bc00000, 0x000000008bd00000, 0x000000008bd00000|100%| O|  |TAMS 0x000000008bd00000, 0x000000008bc00000| Complete 
| 189|0x000000008bd00000, 0x000000008be00000, 0x000000008be00000|100%| O|  |TAMS 0x000000008be00000, 0x000000008bd00000| Complete 
| 190|0x000000008be00000, 0x000000008bf00000, 0x000000008bf00000|100%| O|  |TAMS 0x000000008bf00000, 0x000000008be00000| Untracked 
| 191|0x000000008bf00000, 0x000000008c000000, 0x000000008c000000|100%| O|  |TAMS 0x000000008c000000, 0x000000008bf00000| Untracked 
| 192|0x000000008c000000, 0x000000008c100000, 0x000000008c100000|100%|HS|  |TAMS 0x000000008c100000, 0x000000008c000000| Complete 
| 193|0x000000008c100000, 0x000000008c200000, 0x000000008c200000|100%|HC|  |TAMS 0x000000008c200000, 0x000000008c100000| Complete 
| 194|0x000000008c200000, 0x000000008c300000, 0x000000008c300000|100%| O|  |TAMS 0x000000008c300000, 0x000000008c200000| Complete 
| 195|0x000000008c300000, 0x000000008c300000, 0x000000008c400000|  0%| F|  |TAMS 0x000000008c300000, 0x000000008c300000| Untracked 
| 196|0x000000008c400000, 0x000000008c500000, 0x000000008c500000|100%| O|  |TAMS 0x000000008c500000, 0x000000008c400000| Complete 
| 197|0x000000008c500000, 0x000000008c600000, 0x000000008c600000|100%| O|  |TAMS 0x000000008c600000, 0x000000008c500000| Complete 
| 198|0x000000008c600000, 0x000000008c600000, 0x000000008c700000|  0%| F|  |TAMS 0x000000008c600000, 0x000000008c600000| Untracked 
| 199|0x000000008c700000, 0x000000008c800000, 0x000000008c800000|100%| O|  |TAMS 0x000000008c800000, 0x000000008c700000| Complete 
| 200|0x000000008c800000, 0x000000008c900000, 0x000000008c900000|100%| O|  |TAMS 0x000000008c900000, 0x000000008c800000| Untracked 
| 201|0x000000008c900000, 0x000000008ca00000, 0x000000008ca00000|100%| O|  |TAMS 0x000000008ca00000, 0x000000008c900000| Untracked 
| 202|0x000000008ca00000, 0x000000008cb00000, 0x000000008cb00000|100%| O|  |TAMS 0x000000008cb00000, 0x000000008ca00000| Complete 
| 203|0x000000008cb00000, 0x000000008cc00000, 0x000000008cc00000|100%| O|  |TAMS 0x000000008cc00000, 0x000000008cb00000| Untracked 
| 204|0x000000008cc00000, 0x000000008cd00000, 0x000000008cd00000|100%| O|  |TAMS 0x000000008cd00000, 0x000000008cc00000| Complete 
| 205|0x000000008cd00000, 0x000000008ce00000, 0x000000008ce00000|100%| O|  |TAMS 0x000000008ce00000, 0x000000008cd00000| Complete 
| 206|0x000000008ce00000, 0x000000008ce00000, 0x000000008cf00000|  0%| F|  |TAMS 0x000000008ce00000, 0x000000008ce00000| Untracked 
| 207|0x000000008cf00000, 0x000000008cf00000, 0x000000008d000000|  0%| F|  |TAMS 0x000000008cf00000, 0x000000008cf00000| Untracked 
| 208|0x000000008d000000, 0x000000008d100000, 0x000000008d100000|100%| O|  |TAMS 0x000000008d100000, 0x000000008d000000| Complete 
| 209|0x000000008d100000, 0x000000008d200000, 0x000000008d200000|100%| O|  |TAMS 0x000000008d200000, 0x000000008d100000| Complete 
| 210|0x000000008d200000, 0x000000008d300000, 0x000000008d300000|100%| O|  |TAMS 0x000000008d300000, 0x000000008d200000| Complete 
| 211|0x000000008d300000, 0x000000008d400000, 0x000000008d400000|100%| O|  |TAMS 0x000000008d400000, 0x000000008d300000| Untracked 
| 212|0x000000008d400000, 0x000000008d500000, 0x000000008d500000|100%| O|  |TAMS 0x000000008d500000, 0x000000008d400000| Complete 
| 213|0x000000008d500000, 0x000000008d600000, 0x000000008d600000|100%| O|  |TAMS 0x000000008d600000, 0x000000008d500000| Complete 
| 214|0x000000008d600000, 0x000000008d700000, 0x000000008d700000|100%| O|  |TAMS 0x000000008d700000, 0x000000008d600000| Complete 
| 215|0x000000008d700000, 0x000000008d800000, 0x000000008d800000|100%| O|  |TAMS 0x000000008d7f3600, 0x000000008d700000| Untracked 
| 216|0x000000008d800000, 0x000000008d800000, 0x000000008d900000|  0%| F|  |TAMS 0x000000008d800000, 0x000000008d800000| Untracked 
| 217|0x000000008d900000, 0x000000008d900000, 0x000000008da00000|  0%| F|  |TAMS 0x000000008d900000, 0x000000008d900000| Untracked 
| 218|0x000000008da00000, 0x000000008da00000, 0x000000008db00000|  0%| F|  |TAMS 0x000000008da00000, 0x000000008da00000| Untracked 
| 219|0x000000008db00000, 0x000000008db00000, 0x000000008dc00000|  0%| F|  |TAMS 0x000000008db00000, 0x000000008db00000| Untracked 
| 220|0x000000008dc00000, 0x000000008dc00000, 0x000000008dd00000|  0%| F|  |TAMS 0x000000008dc00000, 0x000000008dc00000| Untracked 
| 221|0x000000008dd00000, 0x000000008de00000, 0x000000008de00000|100%| O|  |TAMS 0x000000008de00000, 0x000000008dd00000| Complete 
| 222|0x000000008de00000, 0x000000008de00000, 0x000000008df00000|  0%| F|  |TAMS 0x000000008de00000, 0x000000008de00000| Untracked 
| 223|0x000000008df00000, 0x000000008e000000, 0x000000008e000000|100%| O|  |TAMS 0x000000008e000000, 0x000000008df00000| Complete 
| 224|0x000000008e000000, 0x000000008e000000, 0x000000008e100000|  0%| F|  |TAMS 0x000000008e000000, 0x000000008e000000| Untracked 
| 225|0x000000008e100000, 0x000000008e200000, 0x000000008e200000|100%| O|  |TAMS 0x000000008e200000, 0x000000008e100000| Complete 
| 226|0x000000008e200000, 0x000000008e300000, 0x000000008e300000|100%| O|  |TAMS 0x000000008e300000, 0x000000008e200000| Complete 
| 227|0x000000008e300000, 0x000000008e400000, 0x000000008e400000|100%| O|  |TAMS 0x000000008e400000, 0x000000008e300000| Complete 
| 228|0x000000008e400000, 0x000000008e500000, 0x000000008e500000|100%| O|  |TAMS 0x000000008e500000, 0x000000008e400000| Complete 
| 229|0x000000008e500000, 0x000000008e500000, 0x000000008e600000|  0%| F|  |TAMS 0x000000008e500000, 0x000000008e500000| Untracked 
| 230|0x000000008e600000, 0x000000008e600000, 0x000000008e700000|  0%| F|  |TAMS 0x000000008e600000, 0x000000008e600000| Untracked 
| 231|0x000000008e700000, 0x000000008e700000, 0x000000008e800000|  0%| F|  |TAMS 0x000000008e700000, 0x000000008e700000| Untracked 
| 232|0x000000008e800000, 0x000000008e800000, 0x000000008e900000|  0%| F|  |TAMS 0x000000008e800000, 0x000000008e800000| Untracked 
| 233|0x000000008e900000, 0x000000008e900000, 0x000000008ea00000|  0%| F|  |TAMS 0x000000008e900000, 0x000000008e900000| Untracked 
| 234|0x000000008ea00000, 0x000000008ea00000, 0x000000008eb00000|  0%| F|  |TAMS 0x000000008ea00000, 0x000000008ea00000| Untracked 
| 235|0x000000008eb00000, 0x000000008eb00000, 0x000000008ec00000|  0%| F|  |TAMS 0x000000008eb00000, 0x000000008eb00000| Untracked 
| 236|0x000000008ec00000, 0x000000008ec00000, 0x000000008ed00000|  0%| F|  |TAMS 0x000000008ec00000, 0x000000008ec00000| Untracked 
| 237|0x000000008ed00000, 0x000000008ed00000, 0x000000008ee00000|  0%| F|  |TAMS 0x000000008ed00000, 0x000000008ed00000| Untracked 
| 238|0x000000008ee00000, 0x000000008ee00000, 0x000000008ef00000|  0%| F|  |TAMS 0x000000008ee00000, 0x000000008ee00000| Untracked 
| 239|0x000000008ef00000, 0x000000008ef00000, 0x000000008f000000|  0%| F|  |TAMS 0x000000008ef00000, 0x000000008ef00000| Untracked 
| 240|0x000000008f000000, 0x000000008f000000, 0x000000008f100000|  0%| F|  |TAMS 0x000000008f000000, 0x000000008f000000| Untracked 
| 241|0x000000008f100000, 0x000000008f100000, 0x000000008f200000|  0%| F|  |TAMS 0x000000008f100000, 0x000000008f100000| Untracked 
| 242|0x000000008f200000, 0x000000008f200000, 0x000000008f300000|  0%| F|  |TAMS 0x000000008f200000, 0x000000008f200000| Untracked 
| 243|0x000000008f300000, 0x000000008f300000, 0x000000008f400000|  0%| F|  |TAMS 0x000000008f300000, 0x000000008f300000| Untracked 
| 244|0x000000008f400000, 0x000000008f400000, 0x000000008f500000|  0%| F|  |TAMS 0x000000008f400000, 0x000000008f400000| Untracked 
| 245|0x000000008f500000, 0x000000008f500000, 0x000000008f600000|  0%| F|  |TAMS 0x000000008f500000, 0x000000008f500000| Untracked 
| 246|0x000000008f600000, 0x000000008f600000, 0x000000008f700000|  0%| F|  |TAMS 0x000000008f600000, 0x000000008f600000| Untracked 
| 247|0x000000008f700000, 0x000000008f700000, 0x000000008f800000|  0%| F|  |TAMS 0x000000008f700000, 0x000000008f700000| Untracked 
| 248|0x000000008f800000, 0x000000008f800000, 0x000000008f900000|  0%| F|  |TAMS 0x000000008f800000, 0x000000008f800000| Untracked 
| 249|0x000000008f900000, 0x000000008f900000, 0x000000008fa00000|  0%| F|  |TAMS 0x000000008f900000, 0x000000008f900000| Untracked 
| 250|0x000000008fa00000, 0x000000008fa00000, 0x000000008fb00000|  0%| F|  |TAMS 0x000000008fa00000, 0x000000008fa00000| Untracked 
| 251|0x000000008fb00000, 0x000000008fb00000, 0x000000008fc00000|  0%| F|  |TAMS 0x000000008fb00000, 0x000000008fb00000| Untracked 
| 252|0x000000008fc00000, 0x000000008fc00000, 0x000000008fd00000|  0%| F|  |TAMS 0x000000008fc00000, 0x000000008fc00000| Untracked 
| 253|0x000000008fd00000, 0x000000008fd00000, 0x000000008fe00000|  0%| F|  |TAMS 0x000000008fd00000, 0x000000008fd00000| Untracked 
| 254|0x000000008fe00000, 0x000000008fe00000, 0x000000008ff00000|  0%| F|  |TAMS 0x000000008fe00000, 0x000000008fe00000| Untracked 
| 255|0x000000008ff00000, 0x000000008ff00000, 0x0000000090000000|  0%| F|  |TAMS 0x000000008ff00000, 0x000000008ff00000| Untracked 
| 256|0x0000000090000000, 0x0000000090000000, 0x0000000090100000|  0%| F|  |TAMS 0x0000000090000000, 0x0000000090000000| Untracked 
| 257|0x0000000090100000, 0x0000000090100000, 0x0000000090200000|  0%| F|  |TAMS 0x0000000090100000, 0x0000000090100000| Untracked 
| 258|0x0000000090200000, 0x0000000090200000, 0x0000000090300000|  0%| F|  |TAMS 0x0000000090200000, 0x0000000090200000| Untracked 
| 259|0x0000000090300000, 0x0000000090300000, 0x0000000090400000|  0%| F|  |TAMS 0x0000000090300000, 0x0000000090300000| Untracked 
| 260|0x0000000090400000, 0x0000000090400000, 0x0000000090500000|  0%| F|  |TAMS 0x0000000090400000, 0x0000000090400000| Untracked 
| 261|0x0000000090500000, 0x0000000090500000, 0x0000000090600000|  0%| F|  |TAMS 0x0000000090500000, 0x0000000090500000| Untracked 
| 262|0x0000000090600000, 0x0000000090600000, 0x0000000090700000|  0%| F|  |TAMS 0x0000000090600000, 0x0000000090600000| Untracked 
| 263|0x0000000090700000, 0x0000000090700000, 0x0000000090800000|  0%| F|  |TAMS 0x0000000090700000, 0x0000000090700000| Untracked 
| 264|0x0000000090800000, 0x0000000090800000, 0x0000000090900000|  0%| F|  |TAMS 0x0000000090800000, 0x0000000090800000| Untracked 
| 265|0x0000000090900000, 0x0000000090900000, 0x0000000090a00000|  0%| F|  |TAMS 0x0000000090900000, 0x0000000090900000| Untracked 
| 266|0x0000000090a00000, 0x0000000090a00000, 0x0000000090b00000|  0%| F|  |TAMS 0x0000000090a00000, 0x0000000090a00000| Untracked 
| 267|0x0000000090b00000, 0x0000000090b00000, 0x0000000090c00000|  0%| F|  |TAMS 0x0000000090b00000, 0x0000000090b00000| Untracked 
| 268|0x0000000090c00000, 0x0000000090c00000, 0x0000000090d00000|  0%| F|  |TAMS 0x0000000090c00000, 0x0000000090c00000| Untracked 
| 269|0x0000000090d00000, 0x0000000090d7e000, 0x0000000090e00000| 49%| S|CS|TAMS 0x0000000090d00000, 0x0000000090d00000| Complete 
| 270|0x0000000090e00000, 0x0000000090f00000, 0x0000000090f00000|100%| S|CS|TAMS 0x0000000090e00000, 0x0000000090e00000| Complete 
| 271|0x0000000090f00000, 0x0000000091000000, 0x0000000091000000|100%| S|CS|TAMS 0x0000000090f00000, 0x0000000090f00000| Complete 
| 272|0x0000000091000000, 0x0000000091000000, 0x0000000091100000|  0%| F|  |TAMS 0x0000000091000000, 0x0000000091000000| Untracked 
| 273|0x0000000091100000, 0x0000000091100000, 0x0000000091200000|  0%| F|  |TAMS 0x0000000091100000, 0x0000000091100000| Untracked 
| 274|0x0000000091200000, 0x0000000091200000, 0x0000000091300000|  0%| F|  |TAMS 0x0000000091200000, 0x0000000091200000| Untracked 
| 275|0x0000000091300000, 0x0000000091300000, 0x0000000091400000|  0%| F|  |TAMS 0x0000000091300000, 0x0000000091300000| Untracked 
| 276|0x0000000091400000, 0x0000000091400000, 0x0000000091500000|  0%| F|  |TAMS 0x0000000091400000, 0x0000000091400000| Untracked 
| 277|0x0000000091500000, 0x0000000091500000, 0x0000000091600000|  0%| F|  |TAMS 0x0000000091500000, 0x0000000091500000| Untracked 
| 278|0x0000000091600000, 0x0000000091600000, 0x0000000091700000|  0%| F|  |TAMS 0x0000000091600000, 0x0000000091600000| Untracked 
| 279|0x0000000091700000, 0x0000000091700000, 0x0000000091800000|  0%| F|  |TAMS 0x0000000091700000, 0x0000000091700000| Untracked 
| 280|0x0000000091800000, 0x0000000091800000, 0x0000000091900000|  0%| F|  |TAMS 0x0000000091800000, 0x0000000091800000| Untracked 
| 281|0x0000000091900000, 0x0000000091900000, 0x0000000091a00000|  0%| F|  |TAMS 0x0000000091900000, 0x0000000091900000| Untracked 
| 282|0x0000000091a00000, 0x0000000091a00000, 0x0000000091b00000|  0%| F|  |TAMS 0x0000000091a00000, 0x0000000091a00000| Untracked 
| 283|0x0000000091b00000, 0x0000000091b00000, 0x0000000091c00000|  0%| F|  |TAMS 0x0000000091b00000, 0x0000000091b00000| Untracked 
| 284|0x0000000091c00000, 0x0000000091c00000, 0x0000000091d00000|  0%| F|  |TAMS 0x0000000091c00000, 0x0000000091c00000| Untracked 
| 285|0x0000000091d00000, 0x0000000091d00000, 0x0000000091e00000|  0%| F|  |TAMS 0x0000000091d00000, 0x0000000091d00000| Untracked 
| 286|0x0000000091e00000, 0x0000000091e00000, 0x0000000091f00000|  0%| F|  |TAMS 0x0000000091e00000, 0x0000000091e00000| Untracked 
| 287|0x0000000091f00000, 0x0000000091f00000, 0x0000000092000000|  0%| F|  |TAMS 0x0000000091f00000, 0x0000000091f00000| Untracked 
| 288|0x0000000092000000, 0x0000000092000000, 0x0000000092100000|  0%| F|  |TAMS 0x0000000092000000, 0x0000000092000000| Untracked 
| 289|0x0000000092100000, 0x0000000092100000, 0x0000000092200000|  0%| F|  |TAMS 0x0000000092100000, 0x0000000092100000| Untracked 
| 290|0x0000000092200000, 0x0000000092200000, 0x0000000092300000|  0%| F|  |TAMS 0x0000000092200000, 0x0000000092200000| Untracked 
| 291|0x0000000092300000, 0x0000000092300000, 0x0000000092400000|  0%| F|  |TAMS 0x0000000092300000, 0x0000000092300000| Untracked 
| 292|0x0000000092400000, 0x0000000092400000, 0x0000000092500000|  0%| F|  |TAMS 0x0000000092400000, 0x0000000092400000| Untracked 
| 293|0x0000000092500000, 0x0000000092500000, 0x0000000092600000|  0%| F|  |TAMS 0x0000000092500000, 0x0000000092500000| Untracked 
| 294|0x0000000092600000, 0x0000000092600000, 0x0000000092700000|  0%| F|  |TAMS 0x0000000092600000, 0x0000000092600000| Untracked 
| 295|0x0000000092700000, 0x0000000092700000, 0x0000000092800000|  0%| F|  |TAMS 0x0000000092700000, 0x0000000092700000| Untracked 
| 296|0x0000000092800000, 0x0000000092800000, 0x0000000092900000|  0%| F|  |TAMS 0x0000000092800000, 0x0000000092800000| Untracked 
| 297|0x0000000092900000, 0x0000000092900000, 0x0000000092a00000|  0%| F|  |TAMS 0x0000000092900000, 0x0000000092900000| Untracked 
| 298|0x0000000092a00000, 0x0000000092a00000, 0x0000000092b00000|  0%| F|  |TAMS 0x0000000092a00000, 0x0000000092a00000| Untracked 
| 299|0x0000000092b00000, 0x0000000092b00000, 0x0000000092c00000|  0%| F|  |TAMS 0x0000000092b00000, 0x0000000092b00000| Untracked 
| 300|0x0000000092c00000, 0x0000000092c00000, 0x0000000092d00000|  0%| F|  |TAMS 0x0000000092c00000, 0x0000000092c00000| Untracked 
| 301|0x0000000092d00000, 0x0000000092d00000, 0x0000000092e00000|  0%| F|  |TAMS 0x0000000092d00000, 0x0000000092d00000| Untracked 
| 302|0x0000000092e00000, 0x0000000092e00000, 0x0000000092f00000|  0%| F|  |TAMS 0x0000000092e00000, 0x0000000092e00000| Untracked 
| 303|0x0000000092f00000, 0x0000000092f00000, 0x0000000093000000|  0%| F|  |TAMS 0x0000000092f00000, 0x0000000092f00000| Untracked 
| 304|0x0000000093000000, 0x0000000093000000, 0x0000000093100000|  0%| F|  |TAMS 0x0000000093000000, 0x0000000093000000| Untracked 
| 305|0x0000000093100000, 0x0000000093100000, 0x0000000093200000|  0%| F|  |TAMS 0x0000000093100000, 0x0000000093100000| Untracked 
| 306|0x0000000093200000, 0x0000000093200000, 0x0000000093300000|  0%| F|  |TAMS 0x0000000093200000, 0x0000000093200000| Untracked 
| 307|0x0000000093300000, 0x0000000093300000, 0x0000000093400000|  0%| F|  |TAMS 0x0000000093300000, 0x0000000093300000| Untracked 
| 308|0x0000000093400000, 0x0000000093400000, 0x0000000093500000|  0%| F|  |TAMS 0x0000000093400000, 0x0000000093400000| Untracked 
| 309|0x0000000093500000, 0x0000000093500000, 0x0000000093600000|  0%| F|  |TAMS 0x0000000093500000, 0x0000000093500000| Untracked 
| 310|0x0000000093600000, 0x0000000093600000, 0x0000000093700000|  0%| F|  |TAMS 0x0000000093600000, 0x0000000093600000| Untracked 
| 311|0x0000000093700000, 0x0000000093700000, 0x0000000093800000|  0%| F|  |TAMS 0x0000000093700000, 0x0000000093700000| Untracked 
| 312|0x0000000093800000, 0x00000000938f1570, 0x0000000093900000| 94%| E|  |TAMS 0x0000000093800000, 0x0000000093800000| Complete 
| 313|0x0000000093900000, 0x0000000093a00000, 0x0000000093a00000|100%| E|CS|TAMS 0x0000000093900000, 0x0000000093900000| Complete 

Card table byte_map: [0x000001fc1ee20000,0x000001fc1f220000] _byte_map_base: 0x000001fc1ea20000

Marking Bits (Prev, Next): (CMBitMap*) 0x000001fc0a103500, (CMBitMap*) 0x000001fc0a1034c8
 Prev Bits: [0x000001fc21620000, 0x000001fc23620000)
 Next Bits: [0x000001fc1f620000, 0x000001fc21620000)

Polling page: 0x000001fc0a1a0000

Metaspace:

Usage:
  Non-class:    131.39 MB capacity,   127.82 MB ( 97%) used,     2.95 MB (  2%) free+waste,   640.69 KB ( <1%) overhead. 
      Class:     20.03 MB capacity,    18.06 MB ( 90%) used,     1.69 MB (  8%) free+waste,   283.94 KB (  1%) overhead. 
       Both:    151.42 MB capacity,   145.87 MB ( 96%) used,     4.64 MB (  3%) free+waste,   924.62 KB ( <1%) overhead. 

Virtual space:
  Non-class space:      132.00 MB reserved,     131.60 MB (>99%) committed 
      Class space:        1.00 GB reserved,      20.12 MB (  2%) committed 
             Both:        1.13 GB reserved,     151.73 MB ( 13%) committed 

Chunk freelists:
   Non-Class:  21.00 KB
       Class:  6.00 KB
        Both:  27.00 KB

MaxMetaspaceSize: 17179869184.00 GB
CompressedClassSpaceSize: 1.00 GB
Initial GC threshold: 20.80 MB
Current GC threshold: 252.88 MB
CDS: off

CodeHeap 'non-profiled nmethods': size=120064Kb used=21251Kb max_used=21251Kb free=98812Kb
 bounds [0x000001fc16ec0000, 0x000001fc18390000, 0x000001fc1e400000]
CodeHeap 'profiled nmethods': size=120000Kb used=55355Kb max_used=55355Kb free=64644Kb
 bounds [0x000001fc0f990000, 0x000001fc12fb0000, 0x000001fc16ec0000]
CodeHeap 'non-nmethods': size=5696Kb used=2493Kb max_used=2587Kb free=3202Kb
 bounds [0x000001fc0f400000, 0x000001fc0f6a0000, 0x000001fc0f990000]
 total_blobs=25901 nmethods=24872 adapters=939
 compilation: enabled
              stopped_count=0, restarted_count=0
 full_count=0

Compilation events (20 events):
Event: 10971.471 Thread 0x000001fc25c8d800 nmethod 28519 0x000001fc12fa4510 code [0x000001fc12fa4700, 0x000001fc12fa4b78]
Event: 10971.473 Thread 0x000001fc25c8c800 28520       4       org.gradle.internal.isolated.IsolationScheme::parameterTypeFor (115 bytes)
Event: 10971.911 Thread 0x000001fc25c8d800 28522       3       jdk.xml.internal.XMLSecurityManager$NameMap::values (10 bytes)
Event: 10971.917 Thread 0x000001fc25c8d800 nmethod 28522 0x000001fc12fa4d90 code [0x000001fc12fa4f60, 0x000001fc12fa51e8]
Event: 10971.948 Thread 0x000001fc25c8d800 28523       1       org.gradle.api.internal.provider.sources.SystemPropertyValueSource$Parameters_Decorated::getModelIdentityDisplayName (5 bytes)
Event: 10971.949 Thread 0x000001fc25c8d800 nmethod 28523 0x000001fc18380210 code [0x000001fc183803c0, 0x000001fc18380478]
Event: 10971.950 Thread 0x000001fc25c8d800 28524   !   3       jdk.internal.reflect.GeneratedConstructorAccessor71::newInstance (49 bytes)
Event: 10971.954 Thread 0x000001fc25c8d800 nmethod 28524 0x000001fc12fa5290 code [0x000001fc12fa5520, 0x000001fc12fa6068]
Event: 10971.955 Thread 0x000001fc25c8d800 28525       1       com.android.prefs.Global::isSysProp (5 bytes)
Event: 10971.955 Thread 0x000001fc25c8d800 nmethod 28525 0x000001fc18380510 code [0x000001fc183806c0, 0x000001fc18380778]
Event: 10971.955 Thread 0x000001fc25c8d800 28526       1       com.android.prefs.Global::isEnvVar (5 bytes)
Event: 10971.955 Thread 0x000001fc25c8d800 nmethod 28526 0x000001fc18380810 code [0x000001fc183809c0, 0x000001fc18380a78]
Event: 10971.955 Thread 0x000001fc25c8d800 28527       1       kotlin.sequences.FlatteningSequence::access$getSequence$p (5 bytes)
Event: 10971.957 Thread 0x000001fc25c8d800 nmethod 28527 0x000001fc18380b10 code [0x000001fc18380cc0, 0x000001fc18380d58]
Event: 10972.004 Thread 0x000001fc25c8d800 28528       3       com.android.build.gradle.internal.dependency.SourceSetManager::setUpSourceSet (64 bytes)
Event: 10972.008 Thread 0x000001fc25c8d800 nmethod 28528 0x000001fc12fa6510 code [0x000001fc12fa67a0, 0x000001fc12fa71b8]
Event: 10972.008 Thread 0x000001fc25c8d800 28529       3       com.android.build.gradle.internal.dsl.AndroidSourceSetFactory::create (6 bytes)
Event: 10972.008 Thread 0x000001fc25c8d800 nmethod 28529 0x000001fc11bd3f10 code [0x000001fc11bd40c0, 0x000001fc11bd4208]
Event: 10972.008 Thread 0x000001fc25c8d800 28530       3       com.android.build.gradle.internal.dsl.AndroidSourceSetFactory::create (40 bytes)
Event: 10972.014 Thread 0x000001fc25c8d800 nmethod 28530 0x000001fc12fa7510 code [0x000001fc12fa7760, 0x000001fc12fa82d8]

GC Heap History (20 events):
Event: 10336.628 GC heap before
{Heap before GC invocations=184 (full 0):
 garbage-first heap   total 321536K, used 289778K [0x0000000080000000, 0x0000000100000000)
  region size 1024K, 49 young (50176K), 6 survivors (6144K)
 Metaspace       used 149009K, capacity 154704K, committed 154856K, reserved 1183744K
  class space    used 18484K, capacity 20498K, committed 20608K, reserved 1048576K
}
Event: 10336.661 GC heap after
{Heap after GC invocations=185 (full 0):
 garbage-first heap   total 321536K, used 229145K [0x0000000080000000, 0x0000000100000000)
  region size 1024K, 5 young (5120K), 5 survivors (5120K)
 Metaspace       used 149009K, capacity 154704K, committed 154856K, reserved 1183744K
  class space    used 18484K, capacity 20498K, committed 20608K, reserved 1048576K
}
Event: 10336.832 GC heap before
{Heap before GC invocations=185 (full 0):
 garbage-first heap   total 321536K, used 239385K [0x0000000080000000, 0x0000000100000000)
  region size 1024K, 15 young (15360K), 5 survivors (5120K)
 Metaspace       used 149013K, capacity 154704K, committed 154856K, reserved 1183744K
  class space    used 18484K, capacity 20498K, committed 20608K, reserved 1048576K
}
Event: 10336.856 GC heap after
{Heap after GC invocations=186 (full 0):
 garbage-first heap   total 321536K, used 223010K [0x0000000080000000, 0x0000000100000000)
  region size 1024K, 1 young (1024K), 1 survivors (1024K)
 Metaspace       used 149013K, capacity 154704K, committed 154856K, reserved 1183744K
  class space    used 18484K, capacity 20498K, committed 20608K, reserved 1048576K
}
Event: 10832.207 GC heap before
{Heap before GC invocations=186 (full 0):
 garbage-first heap   total 321536K, used 267042K [0x0000000080000000, 0x0000000100000000)
  region size 1024K, 45 young (46080K), 1 survivors (1024K)
 Metaspace       used 149067K, capacity 154749K, committed 154856K, reserved 1183744K
  class space    used 18492K, capacity 20512K, committed 20608K, reserved 1048576K
}
Event: 10832.472 GC heap after
{Heap after GC invocations=187 (full 0):
 garbage-first heap   total 321536K, used 225700K [0x0000000080000000, 0x0000000100000000)
  region size 1024K, 4 young (4096K), 4 survivors (4096K)
 Metaspace       used 149067K, capacity 154749K, committed 154856K, reserved 1183744K
  class space    used 18492K, capacity 20512K, committed 20608K, reserved 1048576K
}
Event: 10834.754 GC heap before
{Heap before GC invocations=188 (full 0):
 garbage-first heap   total 321536K, used 267684K [0x0000000080000000, 0x0000000100000000)
  region size 1024K, 48 young (49152K), 4 survivors (4096K)
 Metaspace       used 149061K, capacity 154680K, committed 154856K, reserved 1183744K
  class space    used 18485K, capacity 20499K, committed 20608K, reserved 1048576K
}
Event: 10834.796 GC heap after
{Heap after GC invocations=189 (full 0):
 garbage-first heap   total 321536K, used 232825K [0x0000000080000000, 0x0000000100000000)
  region size 1024K, 6 young (6144K), 6 survivors (6144K)
 Metaspace       used 149061K, capacity 154680K, committed 154856K, reserved 1183744K
  class space    used 18485K, capacity 20499K, committed 20608K, reserved 1048576K
}
Event: 10834.854 GC heap before
{Heap before GC invocations=189 (full 0):
 garbage-first heap   total 321536K, used 242041K [0x0000000080000000, 0x0000000100000000)
  region size 1024K, 15 young (15360K), 6 survivors (6144K)
 Metaspace       used 149063K, capacity 154681K, committed 154856K, reserved 1183744K
  class space    used 18485K, capacity 20499K, committed 20608K, reserved 1048576K
}
Event: 10834.888 GC heap after
{Heap after GC invocations=190 (full 0):
 garbage-first heap   total 321536K, used 219822K [0x0000000080000000, 0x0000000100000000)
  region size 1024K, 2 young (2048K), 2 survivors (2048K)
 Metaspace       used 149063K, capacity 154681K, committed 154856K, reserved 1183744K
  class space    used 18485K, capacity 20499K, committed 20608K, reserved 1048576K
}
Event: 10835.799 GC heap before
{Heap before GC invocations=190 (full 0):
 garbage-first heap   total 321536K, used 255662K [0x0000000080000000, 0x0000000100000000)
  region size 1024K, 39 young (39936K), 2 survivors (2048K)
 Metaspace       used 149162K, capacity 154787K, committed 155112K, reserved 1183744K
  class space    used 18488K, capacity 20505K, committed 20608K, reserved 1048576K
}
Event: 10835.817 GC heap after
{Heap after GC invocations=191 (full 0):
 garbage-first heap   total 321536K, used 223844K [0x0000000080000000, 0x0000000100000000)
  region size 1024K, 6 young (6144K), 6 survivors (6144K)
 Metaspace       used 149162K, capacity 154787K, committed 155112K, reserved 1183744K
  class space    used 18488K, capacity 20505K, committed 20608K, reserved 1048576K
}
Event: 10853.445 GC heap before
{Heap before GC invocations=192 (full 0):
 garbage-first heap   total 321536K, used 287332K [0x0000000080000000, 0x0000000100000000)
  region size 1024K, 47 young (48128K), 6 survivors (6144K)
 Metaspace       used 149256K, capacity 154921K, committed 155112K, reserved 1183744K
  class space    used 18489K, capacity 20506K, committed 20608K, reserved 1048576K
}
Event: 10853.512 GC heap after
{Heap after GC invocations=193 (full 0):
 garbage-first heap   total 321536K, used 228528K [0x0000000080000000, 0x0000000100000000)
  region size 1024K, 6 young (6144K), 6 survivors (6144K)
 Metaspace       used 149256K, capacity 154921K, committed 155112K, reserved 1183744K
  class space    used 18489K, capacity 20506K, committed 20608K, reserved 1048576K
}
Event: 10853.596 GC heap before
{Heap before GC invocations=193 (full 0):
 garbage-first heap   total 321536K, used 236720K [0x0000000080000000, 0x0000000100000000)
  region size 1024K, 15 young (15360K), 6 survivors (6144K)
 Metaspace       used 149262K, capacity 154985K, committed 155112K, reserved 1183744K
  class space    used 18489K, capacity 20506K, committed 20608K, reserved 1048576K
}
Event: 10853.651 GC heap after
{Heap after GC invocations=194 (full 0):
 garbage-first heap   total 321536K, used 219708K [0x0000000080000000, 0x0000000100000000)
  region size 1024K, 2 young (2048K), 2 survivors (2048K)
 Metaspace       used 149262K, capacity 154985K, committed 155112K, reserved 1183744K
  class space    used 18489K, capacity 20506K, committed 20608K, reserved 1048576K
}
Event: 10874.379 GC heap before
{Heap before GC invocations=194 (full 0):
 garbage-first heap   total 321536K, used 262716K [0x0000000080000000, 0x0000000100000000)
  region size 1024K, 45 young (46080K), 2 survivors (2048K)
 Metaspace       used 149332K, capacity 155051K, committed 155368K, reserved 1183744K
  class space    used 18490K, capacity 20506K, committed 20608K, reserved 1048576K
}
Event: 10874.429 GC heap after
{Heap after GC invocations=195 (full 0):
 garbage-first heap   total 321536K, used 225229K [0x0000000080000000, 0x0000000100000000)
  region size 1024K, 6 young (6144K), 6 survivors (6144K)
 Metaspace       used 149332K, capacity 155051K, committed 155368K, reserved 1183744K
  class space    used 18490K, capacity 20506K, committed 20608K, reserved 1048576K
}
Event: 10971.484 GC heap before
{Heap before GC invocations=196 (full 0):
 garbage-first heap   total 321536K, used 264141K [0x0000000080000000, 0x0000000100000000)
  region size 1024K, 48 young (49152K), 6 survivors (6144K)
 Metaspace       used 149370K, capacity 155053K, committed 155368K, reserved 1183744K
  class space    used 18491K, capacity 20506K, committed 20608K, reserved 1048576K
}
Event: 10971.654 GC heap after
{Heap after GC invocations=197 (full 0):
 garbage-first heap   total 321536K, used 220554K [0x0000000080000000, 0x0000000100000000)
  region size 1024K, 3 young (3072K), 3 survivors (3072K)
 Metaspace       used 149370K, capacity 155053K, committed 155368K, reserved 1183744K
  class space    used 18491K, capacity 20506K, committed 20608K, reserved 1048576K
}

Deoptimization events (20 events):
Event: 10852.570 Thread 0x000001fc2a4f3000 Uncommon trap: trap_request=0xffffffbe fr.pc=0x000001fc182bb49c relative=0x00000000000010bc
Event: 10852.570 Thread 0x000001fc2a4f3000 Uncommon trap: reason=profile_predicate action=maybe_recompile pc=0x000001fc182bb49c method=org.gradle.api.internal.artifacts.ivyservice.ivyresolve.strategy.StaticVersionComparator.compare(Lorg/gradle/api/internal/artifacts/ivyservice/ivyresolve/strategy/
Event: 10852.570 Thread 0x000001fc2a4f3000 DEOPT PACKING pc=0x000001fc182bb49c sp=0x000000eee14f8890
Event: 10852.570 Thread 0x000001fc2a4f3000 DEOPT UNPACKING pc=0x000001fc0f44a1af sp=0x000000eee14f87e8 mode 2
Event: 10852.571 Thread 0x000001fc2a4f3000 Uncommon trap: trap_request=0xffffffdc fr.pc=0x000001fc182ec0b8 relative=0x00000000000002f8
Event: 10852.571 Thread 0x000001fc2a4f3000 Uncommon trap: reason=class_check action=make_not_entrant pc=0x000001fc182ec0b8 method=java.util.ArrayList$SubList.toArray([Ljava/lang/Object;)[Ljava/lang/Object; @ 37 c2
Event: 10852.571 Thread 0x000001fc2a4f3000 DEOPT PACKING pc=0x000001fc182ec0b8 sp=0x000000eee14f8620
Event: 10852.571 Thread 0x000001fc2a4f3000 DEOPT UNPACKING pc=0x000001fc0f44a1af sp=0x000000eee14f85d8 mode 2
Event: 10852.576 Thread 0x000001fc2a4f3000 Uncommon trap: trap_request=0xffffffbe fr.pc=0x000001fc182bb49c relative=0x00000000000010bc
Event: 10852.576 Thread 0x000001fc2a4f3000 Uncommon trap: reason=profile_predicate action=maybe_recompile pc=0x000001fc182bb49c method=org.gradle.api.internal.artifacts.ivyservice.ivyresolve.strategy.StaticVersionComparator.compare(Lorg/gradle/api/internal/artifacts/ivyservice/ivyresolve/strategy/
Event: 10852.576 Thread 0x000001fc2a4f3000 DEOPT PACKING pc=0x000001fc182bb49c sp=0x000000eee14f8890
Event: 10852.576 Thread 0x000001fc2a4f3000 DEOPT UNPACKING pc=0x000001fc0f44a1af sp=0x000000eee14f87e8 mode 2
Event: 10852.576 Thread 0x000001fc2a4f3000 Uncommon trap: trap_request=0xffffffbe fr.pc=0x000001fc182bb49c relative=0x00000000000010bc
Event: 10852.576 Thread 0x000001fc2a4f3000 Uncommon trap: reason=profile_predicate action=maybe_recompile pc=0x000001fc182bb49c method=org.gradle.api.internal.artifacts.ivyservice.ivyresolve.strategy.StaticVersionComparator.compare(Lorg/gradle/api/internal/artifacts/ivyservice/ivyresolve/strategy/
Event: 10852.576 Thread 0x000001fc2a4f3000 DEOPT PACKING pc=0x000001fc182bb49c sp=0x000000eee14f8890
Event: 10852.577 Thread 0x000001fc2a4f3000 DEOPT UNPACKING pc=0x000001fc0f44a1af sp=0x000000eee14f87e8 mode 2
Event: 10852.577 Thread 0x000001fc2a4f3000 Uncommon trap: trap_request=0xffffffbe fr.pc=0x000001fc182bb49c relative=0x00000000000010bc
Event: 10852.577 Thread 0x000001fc2a4f3000 Uncommon trap: reason=profile_predicate action=maybe_recompile pc=0x000001fc182bb49c method=org.gradle.api.internal.artifacts.ivyservice.ivyresolve.strategy.StaticVersionComparator.compare(Lorg/gradle/api/internal/artifacts/ivyservice/ivyresolve/strategy/
Event: 10852.577 Thread 0x000001fc2a4f3000 DEOPT PACKING pc=0x000001fc182bb49c sp=0x000000eee14f8890
Event: 10852.577 Thread 0x000001fc2a4f3000 DEOPT UNPACKING pc=0x000001fc0f44a1af sp=0x000000eee14f87e8 mode 2

Classes redefined (0 events):
No events

Internal exceptions (20 events):
Event: 10853.080 Thread 0x000001fc2a4f3000 Exception <a 'sun/nio/fs/WindowsException'{0x0000000091d5d928}> (0x0000000091d5d928) thrown at [src/hotspot/share/prims/jni.cpp, line 617]
Event: 10853.080 Thread 0x000001fc2a4f3000 Exception <a 'sun/nio/fs/WindowsException'{0x0000000091d5ebe0}> (0x0000000091d5ebe0) thrown at [src/hotspot/share/prims/jni.cpp, line 617]
Event: 10853.207 Thread 0x000001fc2a4f3000 Exception <a 'sun/nio/fs/WindowsException'{0x0000000091948430}> (0x0000000091948430) thrown at [src/hotspot/share/prims/jni.cpp, line 617]
Event: 10853.751 Thread 0x000001fc2a4f4000 Exception <a 'sun/nio/fs/WindowsException'{0x000000009324e290}> (0x000000009324e290) thrown at [src/hotspot/share/prims/jni.cpp, line 617]
Event: 10853.754 Thread 0x000001fc2a4f3000 Exception <a 'sun/nio/fs/WindowsException'{0x0000000093215ff0}> (0x0000000093215ff0) thrown at [src/hotspot/share/prims/jni.cpp, line 617]
Event: 10853.754 Thread 0x000001fc2a4f3000 Exception <a 'sun/nio/fs/WindowsException'{0x0000000093216078}> (0x0000000093216078) thrown at [src/hotspot/share/prims/jni.cpp, line 617]
Event: 10853.755 Thread 0x000001fc2a4f3000 Exception <a 'sun/nio/fs/WindowsException'{0x00000000932178d8}> (0x00000000932178d8) thrown at [src/hotspot/share/prims/jni.cpp, line 617]
Event: 10873.585 Thread 0x000001fc2a4f3000 Exception <a 'sun/nio/fs/WindowsException'{0x0000000091bc6890}> (0x0000000091bc6890) thrown at [src/hotspot/share/prims/jni.cpp, line 617]
Event: 10873.751 Thread 0x000001fc2a4f3000 Exception <a 'java/lang/NoClassDefFoundError'{0x000000009176c300}: org/jetbrains/kotlin/gradle/plugin/KotlinBasePluginWrapper> (0x000000009176c300) thrown at [src/hotspot/share/oops/constantPool.cpp, line 775]
Event: 10873.820 Thread 0x000001fc2a4f3000 Exception <a 'sun/nio/fs/WindowsException'{0x00000000916abf58}> (0x00000000916abf58) thrown at [src/hotspot/share/prims/jni.cpp, line 617]
Event: 10873.889 Thread 0x000001fc2a4f3000 Exception <a 'sun/nio/fs/WindowsException'{0x00000000915480f8}> (0x00000000915480f8) thrown at [src/hotspot/share/prims/jni.cpp, line 617]
Event: 10873.893 Thread 0x000001fc2a4f3000 Exception <a 'sun/nio/fs/WindowsException'{0x0000000091549360}> (0x0000000091549360) thrown at [src/hotspot/share/prims/jni.cpp, line 617]
Event: 10873.893 Thread 0x000001fc2a4f3000 Exception <a 'sun/nio/fs/WindowsException'{0x000000009154a618}> (0x000000009154a618) thrown at [src/hotspot/share/prims/jni.cpp, line 617]
Event: 10873.893 Thread 0x000001fc2a4f3000 Exception <a 'sun/nio/fs/WindowsException'{0x000000009154b8d0}> (0x000000009154b8d0) thrown at [src/hotspot/share/prims/jni.cpp, line 617]
Event: 10874.186 Thread 0x000001fc2a4f3000 Exception <a 'sun/nio/fs/WindowsException'{0x0000000091136750}> (0x0000000091136750) thrown at [src/hotspot/share/prims/jni.cpp, line 617]
Event: 10875.672 Thread 0x000001fc295e9000 Exception <a 'sun/nio/fs/WindowsException'{0x00000000926eb530}> (0x00000000926eb530) thrown at [src/hotspot/share/prims/jni.cpp, line 617]
Event: 10875.677 Thread 0x000001fc2a4f3000 Exception <a 'sun/nio/fs/WindowsException'{0x000000009269cea0}> (0x000000009269cea0) thrown at [src/hotspot/share/prims/jni.cpp, line 617]
Event: 10875.677 Thread 0x000001fc2a4f3000 Exception <a 'sun/nio/fs/WindowsException'{0x000000009269cf28}> (0x000000009269cf28) thrown at [src/hotspot/share/prims/jni.cpp, line 617]
Event: 10875.677 Thread 0x000001fc2a4f3000 Exception <a 'sun/nio/fs/WindowsException'{0x000000009269e788}> (0x000000009269e788) thrown at [src/hotspot/share/prims/jni.cpp, line 617]
Event: 10971.969 Thread 0x000001fc295e4800 Exception <a 'sun/nio/fs/WindowsException'{0x000000009382e1f0}> (0x000000009382e1f0) thrown at [src/hotspot/share/prims/jni.cpp, line 617]

Events (20 events):
Event: 10971.112 Thread 0x000001fc2ff66800 Thread added: 0x000001fc2ff66800
Event: 10971.112 Thread 0x000001fc2ff61000 Thread added: 0x000001fc2ff61000
Event: 10971.116 Thread 0x000001fc2ff67800 Thread added: 0x000001fc2ff67800
Event: 10971.117 Thread 0x000001fc2ff61800 Thread added: 0x000001fc2ff61800
Event: 10971.117 Thread 0x000001fc2ff69000 Thread added: 0x000001fc2ff69000
Event: 10971.118 Thread 0x000001fc2ff6a800 Thread added: 0x000001fc2ff6a800
Event: 10971.119 Thread 0x000001fc2ff6b800 Thread added: 0x000001fc2ff6b800
Event: 10971.120 Thread 0x000001fc2ff6a000 Thread added: 0x000001fc2ff6a000
Event: 10971.120 Thread 0x000001fc2ff68000 Thread added: 0x000001fc2ff68000
Event: 10971.120 Thread 0x000001fc2ff6c000 Thread added: 0x000001fc2ff6c000
Event: 10971.120 Thread 0x000001fc2ff6d000 Thread added: 0x000001fc2ff6d000
Event: 10971.121 Thread 0x000001fc2ff6e000 Thread added: 0x000001fc2ff6e000
Event: 10971.121 Thread 0x000001fc2ff6e800 Thread added: 0x000001fc2ff6e800
Event: 10971.121 Thread 0x000001fc2ff6f800 Thread added: 0x000001fc2ff6f800
Event: 10971.122 Thread 0x000001fc2a4ee800 Thread added: 0x000001fc2a4ee800
Event: 10971.122 Thread 0x000001fc2a4f5000 Thread added: 0x000001fc2a4f5000
Event: 10971.122 Thread 0x000001fc2a4f2800 Thread added: 0x000001fc2a4f2800
Event: 10971.456 Thread 0x000001fc2a4ef000 Thread added: 0x000001fc2a4ef000
Event: 10971.481 Executing VM operation: G1CollectForAllocation
Event: 10971.654 Executing VM operation: G1CollectForAllocation done


Dynamic libraries:
0x00007ff706180000 - 0x00007ff70618a000 	C:\Program Files\Android\Android Studio\jbr\bin\java.exe
0x00007ff9d6610000 - 0x00007ff9d6807000 	C:\Windows\SYSTEM32\ntdll.dll
0x00007ff9d4ed0000 - 0x00007ff9d4f8d000 	C:\Windows\System32\KERNEL32.DLL
0x00007ff9d3f00000 - 0x00007ff9d41cd000 	C:\Windows\System32\KERNELBASE.dll
0x00007ff9d4570000 - 0x00007ff9d4670000 	C:\Windows\System32\ucrtbase.dll
0x00007ff9b0080000 - 0x00007ff9b009b000 	C:\Program Files\Android\Android Studio\jbr\bin\VCRUNTIME140.dll
0x00007ff9ae9d0000 - 0x00007ff9ae9e7000 	C:\Program Files\Android\Android Studio\jbr\bin\jli.dll
0x00007ff9d47a0000 - 0x00007ff9d4940000 	C:\Windows\System32\USER32.dll
0x00007ff9d42f0000 - 0x00007ff9d4312000 	C:\Windows\System32\win32u.dll
0x00007ff9d4df0000 - 0x00007ff9d4e1a000 	C:\Windows\System32\GDI32.dll
0x00007ff9d3d30000 - 0x00007ff9d3e3b000 	C:\Windows\System32\gdi32full.dll
0x00007ff9d4320000 - 0x00007ff9d43bd000 	C:\Windows\System32\msvcp_win.dll
0x00007ff9b1cb0000 - 0x00007ff9b1f4a000 	C:\Windows\WinSxS\amd64_microsoft.windows.common-controls_6595b64144ccf1df_6.0.19041.1110_none_60b5254171f9507e\COMCTL32.dll
0x00007ff9d5f80000 - 0x00007ff9d601e000 	C:\Windows\System32\msvcrt.dll
0x00007ff9d5c10000 - 0x00007ff9d5c40000 	C:\Windows\System32\IMM32.DLL
0x00007ff9a3000000 - 0x00007ff9a308d000 	C:\Program Files\Android\Android Studio\jbr\bin\msvcp140.dll
0x00007ff9c0a50000 - 0x00007ff9c0a5c000 	C:\Windows\SYSTEM32\VCRUNTIME140_1.dll
0x00007ff996ad0000 - 0x00007ff99768c000 	C:\Program Files\Android\Android Studio\jbr\bin\server\jvm.dll
0x00007ff9d4e20000 - 0x00007ff9d4ece000 	C:\Windows\System32\ADVAPI32.dll
0x00007ff9d4f90000 - 0x00007ff9d502c000 	C:\Windows\System32\sechost.dll
0x00007ff9d57f0000 - 0x00007ff9d5915000 	C:\Windows\System32\RPCRT4.dll
0x00007ff9d5030000 - 0x00007ff9d5038000 	C:\Windows\System32\PSAPI.DLL
0x00007ff9ce1c0000 - 0x00007ff9ce1c9000 	C:\Windows\SYSTEM32\WSOCK32.dll
0x00007ff9d6020000 - 0x00007ff9d608b000 	C:\Windows\System32\WS2_32.dll
0x00007ff9b02f0000 - 0x00007ff9b0317000 	C:\Windows\SYSTEM32\WINMM.dll
0x00007ff9cc0f0000 - 0x00007ff9cc0fa000 	C:\Windows\SYSTEM32\VERSION.dll
0x00007ff9d1c30000 - 0x00007ff9d1c42000 	C:\Windows\SYSTEM32\kernel.appcore.dll
0x00007ff9ce1b0000 - 0x00007ff9ce1c0000 	C:\Program Files\Android\Android Studio\jbr\bin\verify.dll
0x00007ff9cd9d0000 - 0x00007ff9cdbb4000 	C:\Windows\SYSTEM32\DBGHELP.DLL
0x00007ff9c0a20000 - 0x00007ff9c0a4c000 	C:\Windows\SYSTEM32\dbgcore.DLL
0x00007ff9d3e70000 - 0x00007ff9d3ef2000 	C:\Windows\System32\bcryptPrimitives.dll
0x00007ff9c4990000 - 0x00007ff9c49b8000 	C:\Program Files\Android\Android Studio\jbr\bin\java.dll
0x00007ff9cc5e0000 - 0x00007ff9cc5ea000 	C:\Program Files\Android\Android Studio\jbr\bin\jimage.dll
0x00007ff9c4c20000 - 0x00007ff9c4c38000 	C:\Program Files\Android\Android Studio\jbr\bin\zip.dll
0x00007ff9d50a0000 - 0x00007ff9d57e4000 	C:\Windows\System32\SHELL32.dll
0x00007ff9d1e30000 - 0x00007ff9d25c4000 	C:\Windows\SYSTEM32\windows.storage.dll
0x00007ff9d4a70000 - 0x00007ff9d4dc4000 	C:\Windows\System32\combase.dll
0x00007ff9d3740000 - 0x00007ff9d376c000 	C:\Windows\SYSTEM32\Wldp.dll
0x00007ff9d59b0000 - 0x00007ff9d5a5d000 	C:\Windows\System32\SHCORE.dll
0x00007ff9d5040000 - 0x00007ff9d5095000 	C:\Windows\System32\shlwapi.dll
0x00007ff9d3c70000 - 0x00007ff9d3c8f000 	C:\Windows\SYSTEM32\profapi.dll
0x00007ff9c4bb0000 - 0x00007ff9c4bc9000 	C:\Program Files\Android\Android Studio\jbr\bin\net.dll
0x00007ff9c4d20000 - 0x00007ff9c4e2a000 	C:\Windows\SYSTEM32\WINHTTP.dll
0x00007ff9d3480000 - 0x00007ff9d34ea000 	C:\Windows\system32\mswsock.dll
0x00007ff9c4ad0000 - 0x00007ff9c4ae3000 	C:\Program Files\Android\Android Studio\jbr\bin\nio.dll
0x00007ff9b0440000 - 0x00007ff9b0467000 	C:\Users\mikyy\.gradle\native\e1d6ef7f7dcc3fd88c89a11ec53ec762bb8ba0a96d01ffa2cd45eb1d1d8dd5c5\windows-amd64\native-platform.dll
0x00007ff998ab0000 - 0x00007ff998bf4000 	C:\Users\mikyy\.gradle\native\0d407fdbe67a94daf76414ababcb853783967236a71b16ec16e742cd7a986fd3\windows-amd64\native-platform-file-events.dll
0x00007ff9c4b20000 - 0x00007ff9c4b2a000 	C:\Program Files\Android\Android Studio\jbr\bin\management.dll
0x00007ff9c4980000 - 0x00007ff9c498b000 	C:\Program Files\Android\Android Studio\jbr\bin\management_ext.dll
0x00007ff9d3670000 - 0x00007ff9d3688000 	C:\Windows\SYSTEM32\CRYPTSP.dll
0x00007ff9d2da0000 - 0x00007ff9d2dd4000 	C:\Windows\system32\rsaenh.dll
0x00007ff9d3e40000 - 0x00007ff9d3e67000 	C:\Windows\System32\bcrypt.dll
0x00007ff9d3c30000 - 0x00007ff9d3c5e000 	C:\Windows\SYSTEM32\USERENV.dll
0x00007ff9d3690000 - 0x00007ff9d369c000 	C:\Windows\SYSTEM32\CRYPTBASE.dll
0x00007ff9d3110000 - 0x00007ff9d314b000 	C:\Windows\SYSTEM32\IPHLPAPI.DLL
0x00007ff9d5c50000 - 0x00007ff9d5c58000 	C:\Windows\System32\NSI.dll
0x00007ff9c55f0000 - 0x00007ff9c5607000 	C:\Windows\SYSTEM32\dhcpcsvc6.DLL
0x00007ff9c5ad0000 - 0x00007ff9c5aed000 	C:\Windows\SYSTEM32\dhcpcsvc.DLL
0x00007ff9d31b0000 - 0x00007ff9d327b000 	C:\Windows\SYSTEM32\DNSAPI.dll
0x00007ff9c1f50000 - 0x00007ff9c1f77000 	C:\Program Files\Android\Android Studio\jbr\bin\sunec.dll

dbghelp: loaded successfully - version: 4.0.5 - missing functions: none
symbol engine: initialized successfully - sym options: 0x614 - pdb path: .;C:\Program Files\Android\Android Studio\jbr\bin;C:\Windows\SYSTEM32;C:\Windows\WinSxS\amd64_microsoft.windows.common-controls_6595b64144ccf1df_6.0.19041.1110_none_60b5254171f9507e;C:\Program Files\Android\Android Studio\jbr\bin\server;C:\Users\mikyy\.gradle\native\e1d6ef7f7dcc3fd88c89a11ec53ec762bb8ba0a96d01ffa2cd45eb1d1d8dd5c5\windows-amd64;C:\Users\mikyy\.gradle\native\0d407fdbe67a94daf76414ababcb853783967236a71b16ec16e742cd7a986fd3\windows-amd64

VM Arguments:
jvm_args: --add-opens=java.base/java.util=ALL-UNNAMED --add-opens=java.base/java.lang=ALL-UNNAMED --add-opens=java.base/java.lang.invoke=ALL-UNNAMED --add-opens=java.base/java.util=ALL-UNNAMED --add-opens=java.prefs/java.util.prefs=ALL-UNNAMED --add-opens=java.prefs/java.util.prefs=ALL-UNNAMED --add-opens=java.base/java.nio.charset=ALL-UNNAMED --add-opens=java.base/java.net=ALL-UNNAMED --add-opens=java.base/java.util.concurrent.atomic=ALL-UNNAMED -Xmx2048m -Dfile.encoding=UTF-8 -Duser.country=RU -Duser.language=ru -Duser.variant 
java_command: org.gradle.launcher.daemon.bootstrap.GradleDaemon 7.5
java_class_path (initial): C:\Users\mikyy\.gradle\wrapper\dists\gradle-7.5-bin\f1w0cc9nuo0eivz97x2xlu9sv\gradle-7.5\lib\gradle-launcher-7.5.jar
Launcher Type: SUN_STANDARD

[Global flags]
     intx CICompilerCount                          = 3                                         {product} {ergonomic}
     uint ConcGCThreads                            = 1                                         {product} {ergonomic}
     uint G1ConcRefinementThreads                  = 4                                         {product} {ergonomic}
   size_t G1HeapRegionSize                         = 1048576                                   {product} {ergonomic}
    uintx GCDrainStackTargetSize                   = 64                                        {product} {ergonomic}
   size_t InitialHeapSize                          = 132120576                                 {product} {ergonomic}
   size_t MarkStackSize                            = 4194304                                   {product} {ergonomic}
   size_t MaxHeapSize                              = 2147483648                                {product} {command line}
   size_t MaxNewSize                               = 1287651328                                {product} {ergonomic}
   size_t MinHeapDeltaBytes                        = 1048576                                   {product} {ergonomic}
    uintx NonNMethodCodeHeapSize                   = 5830732                                {pd product} {ergonomic}
    uintx NonProfiledCodeHeapSize                  = 122913754                              {pd product} {ergonomic}
    uintx ProfiledCodeHeapSize                     = 122913754                              {pd product} {ergonomic}
    uintx ReservedCodeCacheSize                    = 251658240                              {pd product} {ergonomic}
     bool SegmentedCodeCache                       = true                                      {product} {ergonomic}
     bool UseCompressedClassPointers               = true                                 {lp64_product} {ergonomic}
     bool UseCompressedOops                        = true                                 {lp64_product} {ergonomic}
     bool UseG1GC                                  = true                                      {product} {ergonomic}
     bool UseLargePagesIndividualAllocation        = false                                  {pd product} {ergonomic}

Logging:
Log output configuration:
 #0: stdout all=warning uptime,level,tags
 #1: stderr all=off uptime,level,tags

Environment Variables:
JAVA_HOME=C:\Program Files\Java\jdk-19
CLASSPATH=.;
PATH=C:\Program Files (x86)\Common Files\Oracle\Java\javapath;C:\Program Files\Java\jdk-19\bin;C:\Program Files\dotnet\;C:\Users\mikyy\AppData\Local\Microsoft\WindowsApps;C:\Users\mikyy\AppData\Local\Programs\Microsoft VS Code\bin;C:\Users\mikyy\.dotnet\tools;C:\Program Files\Java\jdk-19\bin;C:\Users\mikyy\AppData\Local\Android\Sdk\bin;
USERNAME=mikyy
OS=Windows_NT
PROCESSOR_IDENTIFIER=Intel64 Family 6 Model 142 Stepping 12, GenuineIntel



---------------  S Y S T E M  ---------------

OS: Windows 10 , 64 bit Build 19041 (10.0.19041.1741)
OS uptime: 0 days 6:46 hours

CPU:total 4 (initial active 4) (2 cores per cpu, 2 threads per core) family 6 model 142 stepping 12 microcode 0xc6, cmov, cx8, fxsr, mmx, sse, sse2, sse3, ssse3, sse4.1, sse4.2, popcnt, avx, avx2, aes, clmul, erms, 3dnowpref, lzcnt, ht, tsc, tscinvbit, bmi1, bmi2, adx, fma

Memory: 4k page, system-wide physical 8026M (247M free)
TotalPageFile size 18883M (AvailPageFile size 6M)
current process WorkingSet (physical memory assigned to process): 211M, peak: 523M
current process commit charge ("private bytes"): 751M, peak: 785M

vm_info: OpenJDK 64-Bit Server VM (11.0.15+0-b2043.56-8887301) for windows-amd64 JRE (11.0.15+0-b2043.56-8887301), built on Jul 29 2022 23:19:47 by "builduser" with unknown MS VC++:1929

END.
